🔄 Acessando sistema...
✅ Acessando sistema realizada com sucesso.
🔄 Realizando login...
✅ Realizando login realizada com sucesso.
🔄 Esperando sistema carregar e ajustando zoom...
🔍 Zoom ajustado para 90%.
✅ Esperando sistema carregar e ajustando zoom realizada com sucesso.
🔄 Abrindo menu Tipo de Mensalidade...
✅ Abrindo menu Tipo de Mensalidade realizada com sucesso.
🔄 Clicando em Cadastrar...
✅ Clicando em Cadastrar realizada com sucesso.
🔄 Preenchendo Nome...
✅ Preenchendo Nome realizada com sucesso.
🔄 Preenchendo Descrição...
✅ Preenchendo Descrição realizada com sucesso.
🔄 Preenchendo Identificador...
✅ Preenchendo Identificador realizada com sucesso.
🔄 Selecionando a opção para Exibir descrição dos títulos nos boletos...
✅ Selecionando a opção para Exibir descrição dos títulos nos boletos realizada com sucesso.
🔄 Preenchendo Template...
✅ Preenchendo Template realizada com sucesso.
🔄 Clicando aba Informações Financeiras...
✅ Clicando aba Informações Financeiras realizada com sucesso.
🔄 Selecionando Conta Crédito 1...
❌ Erro ao selecionando conta crédito 1: Message: invalid selector: No selector specified
  (Session info: chrome=140.0.7339.129); For documentation on this error, please visit: https://www.selenium.dev/documentation/webdriver/troubleshooting/errors#invalidselectorexception
Stacktrace:
	GetHandleVerifier [0x0x9bc333+65459]
	GetHandleVerifier [0x0x9bc374+65524]
	(No symbol) [0x0x7dd973]
	(No symbol) [0x0x7e4330]
	(No symbol) [0x0x7e6734]
	(No symbol) [0x0x7e67c8]
	(No symbol) [0x0x826f74]
	(No symbol) [0x0x827a8b]
	(No symbol) [0x0x86dea2]
	(No symbol) [0x0x849e44]
	(No symbol) [0x0x86b606]
	(No symbol) [0x0x849bf6]
	(No symbol) [0x0x81b38e]
	(No symbol) [0x0x81c274]
	GetHandleVerifier [0x0xc3eda3+2697763]
	GetHandleVerifier [0x0xc39ec7+2677575]
	GetHandleVerifier [0x0x9e4194+228884]
	GetHandleVerifier [0x0x9d49f8+165496]
	GetHandleVerifier [0x0x9db18d+192013]
	GetHandleVerifier [0x0x9c47d8+99416]
	GetHandleVerifier [0x0x9c4972+99826]
	GetHandleVerifier [0x0x9aebea+10346]
	BaseThreadInitThunk [0x0x755bfcc9+25]
	RtlGetAppContainerNamedObjectPath [0x0x773a82ae+286]
	RtlGetAppContainerNamedObjectPath [0x0x773a827e+238]

🔄 Selecionando Conta Débito 1...
❌ Erro ao selecionando conta débito 1: Message: element click intercepted: Element <a class="sprites sp-openLov"></a> is not clickable at point (836, 163). Other element would receive the click: <div class="DataTables_sort_wrapper">...</div>
  (Session info: chrome=140.0.7339.129); For documentation on this error, please visit: https://www.selenium.dev/documentation/webdriver/troubleshooting/errors#elementclickinterceptedexception
Stacktrace:
	GetHandleVerifier [0x0x9bc333+65459]
	GetHandleVerifier [0x0x9bc374+65524]
	(No symbol) [0x0x7dd973]
	(No symbol) [0x0x82dbc0]
	(No symbol) [0x0x82bf23]
	(No symbol) [0x0x8299c7]
	(No symbol) [0x0x828c66]
	(No symbol) [0x0x81d195]
	(No symbol) [0x0x849dfc]
	(No symbol) [0x0x81cbf4]
	(No symbol) [0x0x849fb4]
	(No symbol) [0x0x86b606]
	(No symbol) [0x0x849bf6]
	(No symbol) [0x0x81b38e]
	(No symbol) [0x0x81c274]
	GetHandleVerifier [0x0xc3eda3+2697763]
	GetHandleVerifier [0x0xc39ec7+2677575]
	GetHandleVerifier [0x0x9e4194+228884]
	GetHandleVerifier [0x0x9d49f8+165496]
	GetHandleVerifier [0x0x9db18d+192013]
	GetHandleVerifier [0x0x9c47d8+99416]
	GetHandleVerifier [0x0x9c4972+99826]
	GetHandleVerifier [0x0x9aebea+10346]
	BaseThreadInitThunk [0x0x755bfcc9+25]
	RtlGetAppContainerNamedObjectPath [0x0x773a82ae+286]
	RtlGetAppContainerNamedObjectPath [0x0x773a827e+238]

🔄 Selecionando Histórico Padrão 1...
❌ Erro ao selecionando histórico padrão 1: Message: element click intercepted: Element <a class="sprites sp-openLov"></a> is not clickable at point (572, 213). Other element would receive the click: <a class="linkAlterar" style="height: 25.8889px;"></a>
  (Session info: chrome=140.0.7339.129); For documentation on this error, please visit: https://www.selenium.dev/documentation/webdriver/troubleshooting/errors#elementclickinterceptedexception
Stacktrace:
	GetHandleVerifier [0x0x9bc333+65459]
	GetHandleVerifier [0x0x9bc374+65524]
	(No symbol) [0x0x7dd973]
	(No symbol) [0x0x82dbc0]
	(No symbol) [0x0x82bf23]
	(No symbol) [0x0x8299c7]
	(No symbol) [0x0x828c66]
	(No symbol) [0x0x81d195]
	(No symbol) [0x0x849dfc]
	(No symbol) [0x0x81cbf4]
	(No symbol) [0x0x849fb4]
	(No symbol) [0x0x86b606]
	(No symbol) [0x0x849bf6]
	(No symbol) [0x0x81b38e]
	(No symbol) [0x0x81c274]
	GetHandleVerifier [0x0xc3eda3+2697763]
	GetHandleVerifier [0x0xc39ec7+2677575]
	GetHandleVerifier [0x0x9e4194+228884]
	GetHandleVerifier [0x0x9d49f8+165496]
	GetHandleVerifier [0x0x9db18d+192013]
	GetHandleVerifier [0x0x9c47d8+99416]
	GetHandleVerifier [0x0x9c4972+99826]
	GetHandleVerifier [0x0x9aebea+10346]
	BaseThreadInitThunk [0x0x755bfcc9+25]
	RtlGetAppContainerNamedObjectPath [0x0x773a82ae+286]
	RtlGetAppContainerNamedObjectPath [0x0x773a827e+238]

🔄 Selecionando Centro de Custo 1...
❌ Erro ao selecionando centro de custo 1: Message: element click intercepted: Element <a class="sprites sp-openLov"></a> is not clickable at point (836, 213). Other element would receive the click: <a class="linkAlterar" style="height: 25.8889px;"></a>
  (Session info: chrome=140.0.7339.129); For documentation on this error, please visit: https://www.selenium.dev/documentation/webdriver/troubleshooting/errors#elementclickinterceptedexception
Stacktrace:
	GetHandleVerifier [0x0x9bc333+65459]
	GetHandleVerifier [0x0x9bc374+65524]
	(No symbol) [0x0x7dd973]
	(No symbol) [0x0x82dbc0]
	(No symbol) [0x0x82bf23]
	(No symbol) [0x0x8299c7]
	(No symbol) [0x0x828c66]
	(No symbol) [0x0x81d195]
	(No symbol) [0x0x849dfc]
	(No symbol) [0x0x81cbf4]
	(No symbol) [0x0x849fb4]
	(No symbol) [0x0x86b606]
	(No symbol) [0x0x849bf6]
	(No symbol) [0x0x81b38e]
	(No symbol) [0x0x81c274]
	GetHandleVerifier [0x0xc3eda3+2697763]
	GetHandleVerifier [0x0xc39ec7+2677575]
	GetHandleVerifier [0x0x9e4194+228884]
	GetHandleVerifier [0x0x9d49f8+165496]
	GetHandleVerifier [0x0x9db18d+192013]
	GetHandleVerifier [0x0x9c47d8+99416]
	GetHandleVerifier [0x0x9c4972+99826]
	GetHandleVerifier [0x0x9aebea+10346]
	BaseThreadInitThunk [0x0x755bfcc9+25]
	RtlGetAppContainerNamedObjectPath [0x0x773a82ae+286]
	RtlGetAppContainerNamedObjectPath [0x0x773a827e+238]

🔄 Selecionando Conta Crédito 2...
❌ Erro ao selecionando conta crédito 2: Message: element click intercepted: Element <a class="sprites sp-openLov"></a> is not clickable at point (572, 299). Other element would receive the click: <a class="linkAlterar" style="height: 25.8889px;"></a>
  (Session info: chrome=140.0.7339.129); For documentation on this error, please visit: https://www.selenium.dev/documentation/webdriver/troubleshooting/errors#elementclickinterceptedexception
Stacktrace:
	GetHandleVerifier [0x0x9bc333+65459]
	GetHandleVerifier [0x0x9bc374+65524]
	(No symbol) [0x0x7dd973]
	(No symbol) [0x0x82dbc0]
	(No symbol) [0x0x82bf23]
	(No symbol) [0x0x8299c7]
	(No symbol) [0x0x828c66]
	(No symbol) [0x0x81d195]
	(No symbol) [0x0x849dfc]
	(No symbol) [0x0x81cbf4]
	(No symbol) [0x0x849fb4]
	(No symbol) [0x0x86b606]
	(No symbol) [0x0x849bf6]
	(No symbol) [0x0x81b38e]
	(No symbol) [0x0x81c274]
	GetHandleVerifier [0x0xc3eda3+2697763]
	GetHandleVerifier [0x0xc39ec7+2677575]
	GetHandleVerifier [0x0x9e4194+228884]
	GetHandleVerifier [0x0x9d49f8+165496]
	GetHandleVerifier [0x0x9db18d+192013]
	GetHandleVerifier [0x0x9c47d8+99416]
	GetHandleVerifier [0x0x9c4972+99826]
	GetHandleVerifier [0x0x9aebea+10346]
	BaseThreadInitThunk [0x0x755bfcc9+25]
	RtlGetAppContainerNamedObjectPath [0x0x773a82ae+286]
	RtlGetAppContainerNamedObjectPath [0x0x773a827e+238]

🔄 Selecionando Conta Débito 2...
❌ Erro ao selecionando conta débito 2: Message: element click intercepted: Element <a class="sprites sp-openLov"></a> is not clickable at point (836, 299). Other element would receive the click: <a class="linkAlterar" style="height: 25.8889px;"></a>
  (Session info: chrome=140.0.7339.129); For documentation on this error, please visit: https://www.selenium.dev/documentation/webdriver/troubleshooting/errors#elementclickinterceptedexception
Stacktrace:
	GetHandleVerifier [0x0x9bc333+65459]
	GetHandleVerifier [0x0x9bc374+65524]
	(No symbol) [0x0x7dd973]
	(No symbol) [0x0x82dbc0]
	(No symbol) [0x0x82bf23]
	(No symbol) [0x0x8299c7]
	(No symbol) [0x0x828c66]
	(No symbol) [0x0x81d195]
	(No symbol) [0x0x849dfc]
	(No symbol) [0x0x81cbf4]
	(No symbol) [0x0x849fb4]
	(No symbol) [0x0x86b606]
	(No symbol) [0x0x849bf6]
	(No symbol) [0x0x81b38e]
	(No symbol) [0x0x81c274]
	GetHandleVerifier [0x0xc3eda3+2697763]
	GetHandleVerifier [0x0xc39ec7+2677575]
	GetHandleVerifier [0x0x9e4194+228884]
	GetHandleVerifier [0x0x9d49f8+165496]
	GetHandleVerifier [0x0x9db18d+192013]
	GetHandleVerifier [0x0x9c47d8+99416]
	GetHandleVerifier [0x0x9c4972+99826]
	GetHandleVerifier [0x0x9aebea+10346]
	BaseThreadInitThunk [0x0x755bfcc9+25]
	RtlGetAppContainerNamedObjectPath [0x0x773a82ae+286]
	RtlGetAppContainerNamedObjectPath [0x0x773a827e+238]

🔄 Selecionando Histórico Padrão 2...
❌ Erro ao selecionando histórico padrão 2: Message: element click intercepted: Element <a class="sprites sp-openLov"></a> is not clickable at point (572, 349). Other element would receive the click: <a class="linkAlterar" style="height: 25.8889px;"></a>
  (Session info: chrome=140.0.7339.129); For documentation on this error, please visit: https://www.selenium.dev/documentation/webdriver/troubleshooting/errors#elementclickinterceptedexception
Stacktrace:
	GetHandleVerifier [0x0x9bc333+65459]
	GetHandleVerifier [0x0x9bc374+65524]
	(No symbol) [0x0x7dd973]
	(No symbol) [0x0x82dbc0]
	(No symbol) [0x0x82bf23]
	(No symbol) [0x0x8299c7]
	(No symbol) [0x0x828c66]
	(No symbol) [0x0x81d195]
	(No symbol) [0x0x849dfc]
	(No symbol) [0x0x81cbf4]
	(No symbol) [0x0x849fb4]
	(No symbol) [0x0x86b606]
	(No symbol) [0x0x849bf6]
	(No symbol) [0x0x81b38e]
	(No symbol) [0x0x81c274]
	GetHandleVerifier [0x0xc3eda3+2697763]
	GetHandleVerifier [0x0xc39ec7+2677575]
	GetHandleVerifier [0x0x9e4194+228884]
	GetHandleVerifier [0x0x9d49f8+165496]
	GetHandleVerifier [0x0x9db18d+192013]
	GetHandleVerifier [0x0x9c47d8+99416]
	GetHandleVerifier [0x0x9c4972+99826]
	GetHandleVerifier [0x0x9aebea+10346]
	BaseThreadInitThunk [0x0x755bfcc9+25]
	RtlGetAppContainerNamedObjectPath [0x0x773a82ae+286]
	RtlGetAppContainerNamedObjectPath [0x0x773a827e+238]

🔄 Selecionando Centro de Custo 2...
❌ Erro ao selecionando centro de custo 2: Message: element click intercepted: Element <a class="sprites sp-openLov"></a> is not clickable at point (836, 349). Other element would receive the click: <a class="linkAlterar" style="height: 25.8889px;"></a>
  (Session info: chrome=140.0.7339.129); For documentation on this error, please visit: https://www.selenium.dev/documentation/webdriver/troubleshooting/errors#elementclickinterceptedexception
Stacktrace:
	GetHandleVerifier [0x0x9bc333+65459]
	GetHandleVerifier [0x0x9bc374+65524]
	(No symbol) [0x0x7dd973]
	(No symbol) [0x0x82dbc0]
	(No symbol) [0x0x82bf23]
	(No symbol) [0x0x8299c7]
	(No symbol) [0x0x828c66]
	(No symbol) [0x0x81d195]
	(No symbol) [0x0x849dfc]
	(No symbol) [0x0x81cbf4]
	(No symbol) [0x0x849fb4]
	(No symbol) [0x0x86b606]
	(No symbol) [0x0x849bf6]
	(No symbol) [0x0x81b38e]
	(No symbol) [0x0x81c274]
	GetHandleVerifier [0x0xc3eda3+2697763]
	GetHandleVerifier [0x0xc39ec7+2677575]
	GetHandleVerifier [0x0x9e4194+228884]
	GetHandleVerifier [0x0x9d49f8+165496]
	GetHandleVerifier [0x0x9db18d+192013]
	GetHandleVerifier [0x0x9c47d8+99416]
	GetHandleVerifier [0x0x9c4972+99826]
	GetHandleVerifier [0x0x9aebea+10346]
	BaseThreadInitThunk [0x0x755bfcc9+25]
	RtlGetAppContainerNamedObjectPath [0x0x773a82ae+286]
	RtlGetAppContainerNamedObjectPath [0x0x773a827e+238]

🔄 Selecionando Conta Crédito 3...
❌ Erro ao selecionando conta crédito 3: Message: element click intercepted: Element <a class="sprites sp-openLov"></a> is not clickable at point (572, 435). Other element would receive the click: <a class="linkAlterar" style="height: 25.8889px;"></a>
  (Session info: chrome=140.0.7339.129); For documentation on this error, please visit: https://www.selenium.dev/documentation/webdriver/troubleshooting/errors#elementclickinterceptedexception
Stacktrace:
	GetHandleVerifier [0x0x9bc333+65459]
	GetHandleVerifier [0x0x9bc374+65524]
	(No symbol) [0x0x7dd973]
	(No symbol) [0x0x82dbc0]
	(No symbol) [0x0x82bf23]
	(No symbol) [0x0x8299c7]
	(No symbol) [0x0x828c66]
	(No symbol) [0x0x81d195]
	(No symbol) [0x0x849dfc]
	(No symbol) [0x0x81cbf4]
	(No symbol) [0x0x849fb4]
	(No symbol) [0x0x86b606]
	(No symbol) [0x0x849bf6]
	(No symbol) [0x0x81b38e]
	(No symbol) [0x0x81c274]
	GetHandleVerifier [0x0xc3eda3+2697763]
	GetHandleVerifier [0x0xc39ec7+2677575]
	GetHandleVerifier [0x0x9e4194+228884]
	GetHandleVerifier [0x0x9d49f8+165496]
	GetHandleVerifier [0x0x9db18d+192013]
	GetHandleVerifier [0x0x9c47d8+99416]
	GetHandleVerifier [0x0x9c4972+99826]
	GetHandleVerifier [0x0x9aebea+10346]
	BaseThreadInitThunk [0x0x755bfcc9+25]
	RtlGetAppContainerNamedObjectPath [0x0x773a82ae+286]
	RtlGetAppContainerNamedObjectPath [0x0x773a827e+238]

🔄 Selecionando Conta Débito 3...
❌ Erro ao selecionando conta débito 3: Message: element click intercepted: Element <a class="sprites sp-openLov"></a> is not clickable at point (836, 435). Other element would receive the click: <a class="linkAlterar" style="height: 25.8889px;"></a>
  (Session info: chrome=140.0.7339.129); For documentation on this error, please visit: https://www.selenium.dev/documentation/webdriver/troubleshooting/errors#elementclickinterceptedexception
Stacktrace:
	GetHandleVerifier [0x0x9bc333+65459]
	GetHandleVerifier [0x0x9bc374+65524]
	(No symbol) [0x0x7dd973]
	(No symbol) [0x0x82dbc0]
	(No symbol) [0x0x82bf23]
	(No symbol) [0x0x8299c7]
	(No symbol) [0x0x828c66]
	(No symbol) [0x0x81d195]
	(No symbol) [0x0x849dfc]
	(No symbol) [0x0x81cbf4]
	(No symbol) [0x0x849fb4]
	(No symbol) [0x0x86b606]
	(No symbol) [0x0x849bf6]
	(No symbol) [0x0x81b38e]
	(No symbol) [0x0x81c274]
	GetHandleVerifier [0x0xc3eda3+2697763]
	GetHandleVerifier [0x0xc39ec7+2677575]
	GetHandleVerifier [0x0x9e4194+228884]
	GetHandleVerifier [0x0x9d49f8+165496]
	GetHandleVerifier [0x0x9db18d+192013]
	GetHandleVerifier [0x0x9c47d8+99416]
	GetHandleVerifier [0x0x9c4972+99826]
	GetHandleVerifier [0x0x9aebea+10346]
	BaseThreadInitThunk [0x0x755bfcc9+25]
	RtlGetAppContainerNamedObjectPath [0x0x773a82ae+286]
	RtlGetAppContainerNamedObjectPath [0x0x773a827e+238]

🔄 Selecionando Histórico Padrão 3...
❌ Erro ao selecionando histórico padrão 3: Message: element click intercepted: Element <a class="sprites sp-openLov"></a> is not clickable at point (572, 485). Other element would receive the click: <a class="linkAlterar" style="height: 25.8889px;"></a>
  (Session info: chrome=140.0.7339.129); For documentation on this error, please visit: https://www.selenium.dev/documentation/webdriver/troubleshooting/errors#elementclickinterceptedexception
Stacktrace:
	GetHandleVerifier [0x0x9bc333+65459]
	GetHandleVerifier [0x0x9bc374+65524]
	(No symbol) [0x0x7dd973]
	(No symbol) [0x0x82dbc0]
	(No symbol) [0x0x82bf23]
	(No symbol) [0x0x8299c7]
	(No symbol) [0x0x828c66]
	(No symbol) [0x0x81d195]
	(No symbol) [0x0x849dfc]
	(No symbol) [0x0x81cbf4]
	(No symbol) [0x0x849fb4]
	(No symbol) [0x0x86b606]
	(No symbol) [0x0x849bf6]
	(No symbol) [0x0x81b38e]
	(No symbol) [0x0x81c274]
	GetHandleVerifier [0x0xc3eda3+2697763]
	GetHandleVerifier [0x0xc39ec7+2677575]
	GetHandleVerifier [0x0x9e4194+228884]
	GetHandleVerifier [0x0x9d49f8+165496]
	GetHandleVerifier [0x0x9db18d+192013]
	GetHandleVerifier [0x0x9c47d8+99416]
	GetHandleVerifier [0x0x9c4972+99826]
	GetHandleVerifier [0x0x9aebea+10346]
	BaseThreadInitThunk [0x0x755bfcc9+25]
	RtlGetAppContainerNamedObjectPath [0x0x773a82ae+286]
	RtlGetAppContainerNamedObjectPath [0x0x773a827e+238]

🔄 Selecionando Centro de Custo 3...
❌ Erro ao selecionando centro de custo 3: Message: element click intercepted: Element <a class="sprites sp-openLov"></a> is not clickable at point (836, 485). Other element would receive the click: <a class="linkAlterar" style="height: 25.8889px;"></a>
  (Session info: chrome=140.0.7339.129); For documentation on this error, please visit: https://www.selenium.dev/documentation/webdriver/troubleshooting/errors#elementclickinterceptedexception
Stacktrace:
	GetHandleVerifier [0x0x9bc333+65459]
	GetHandleVerifier [0x0x9bc374+65524]
	(No symbol) [0x0x7dd973]
	(No symbol) [0x0x82dbc0]
	(No symbol) [0x0x82bf23]
	(No symbol) [0x0x8299c7]
	(No symbol) [0x0x828c66]
	(No symbol) [0x0x81d195]
	(No symbol) [0x0x849dfc]
	(No symbol) [0x0x81cbf4]
	(No symbol) [0x0x849fb4]
	(No symbol) [0x0x86b606]
	(No symbol) [0x0x849bf6]
	(No symbol) [0x0x81b38e]
	(No symbol) [0x0x81c274]
	GetHandleVerifier [0x0xc3eda3+2697763]
	GetHandleVerifier [0x0xc39ec7+2677575]
	GetHandleVerifier [0x0x9e4194+228884]
	GetHandleVerifier [0x0x9d49f8+165496]
	GetHandleVerifier [0x0x9db18d+192013]
	GetHandleVerifier [0x0x9c47d8+99416]
	GetHandleVerifier [0x0x9c4972+99826]
	GetHandleVerifier [0x0x9aebea+10346]
	BaseThreadInitThunk [0x0x755bfcc9+25]
	RtlGetAppContainerNamedObjectPath [0x0x773a82ae+286]
	RtlGetAppContainerNamedObjectPath [0x0x773a827e+238]

🔄 Fazendo scroll para seção 4...
✅ Fazendo scroll para seção 4 realizada com sucesso.
🔄 Selecionando Conta Crédito 4...
❌ Erro ao selecionando conta crédito 4: Message: element click intercepted: Element <a class="sprites sp-openLov"></a> is not clickable at point (572, 414). Other element would receive the click: <a class="linkAlterar" style="height: 25.8889px;"></a>
  (Session info: chrome=140.0.7339.129); For documentation on this error, please visit: https://www.selenium.dev/documentation/webdriver/troubleshooting/errors#elementclickinterceptedexception
Stacktrace:
	GetHandleVerifier [0x0x9bc333+65459]
	GetHandleVerifier [0x0x9bc374+65524]
	(No symbol) [0x0x7dd973]
	(No symbol) [0x0x82dbc0]
	(No symbol) [0x0x82bf23]
	(No symbol) [0x0x8299c7]
	(No symbol) [0x0x828c66]
	(No symbol) [0x0x81d195]
	(No symbol) [0x0x849dfc]
	(No symbol) [0x0x81cbf4]
	(No symbol) [0x0x849fb4]
	(No symbol) [0x0x86b606]
	(No symbol) [0x0x849bf6]
	(No symbol) [0x0x81b38e]
	(No symbol) [0x0x81c274]
	GetHandleVerifier [0x0xc3eda3+2697763]
	GetHandleVerifier [0x0xc39ec7+2677575]
	GetHandleVerifier [0x0x9e4194+228884]
	GetHandleVerifier [0x0x9d49f8+165496]
	GetHandleVerifier [0x0x9db18d+192013]
	GetHandleVerifier [0x0x9c47d8+99416]
	GetHandleVerifier [0x0x9c4972+99826]
	GetHandleVerifier [0x0x9aebea+10346]
	BaseThreadInitThunk [0x0x755bfcc9+25]
	RtlGetAppContainerNamedObjectPath [0x0x773a82ae+286]
	RtlGetAppContainerNamedObjectPath [0x0x773a827e+238]

🔄 Selecionando Conta Débito 4...
❌ Erro ao selecionando conta débito 4: Message: element click intercepted: Element <a class="sprites sp-openLov"></a> is not clickable at point (836, 414). Other element would receive the click: <a class="linkAlterar" style="height: 25.8889px;"></a>
  (Session info: chrome=140.0.7339.129); For documentation on this error, please visit: https://www.selenium.dev/documentation/webdriver/troubleshooting/errors#elementclickinterceptedexception
Stacktrace:
	GetHandleVerifier [0x0x9bc333+65459]
	GetHandleVerifier [0x0x9bc374+65524]
	(No symbol) [0x0x7dd973]
	(No symbol) [0x0x82dbc0]
	(No symbol) [0x0x82bf23]
	(No symbol) [0x0x8299c7]
	(No symbol) [0x0x828c66]
	(No symbol) [0x0x81d195]
	(No symbol) [0x0x849dfc]
	(No symbol) [0x0x81cbf4]
	(No symbol) [0x0x849fb4]
	(No symbol) [0x0x86b606]
	(No symbol) [0x0x849bf6]
	(No symbol) [0x0x81b38e]
	(No symbol) [0x0x81c274]
	GetHandleVerifier [0x0xc3eda3+2697763]
	GetHandleVerifier [0x0xc39ec7+2677575]
	GetHandleVerifier [0x0x9e4194+228884]
	GetHandleVerifier [0x0x9d49f8+165496]
	GetHandleVerifier [0x0x9db18d+192013]
	GetHandleVerifier [0x0x9c47d8+99416]
	GetHandleVerifier [0x0x9c4972+99826]
	GetHandleVerifier [0x0x9aebea+10346]
	BaseThreadInitThunk [0x0x755bfcc9+25]
	RtlGetAppContainerNamedObjectPath [0x0x773a82ae+286]
	RtlGetAppContainerNamedObjectPath [0x0x773a827e+238]

🔄 Selecionando Histórico Padrão 4...
❌ Erro ao selecionando histórico padrão 4: Message: element click intercepted: Element <a class="sprites sp-openLov"></a> is not clickable at point (572, 464). Other element would receive the click: <a class="linkAlterar" style="height: 25.8889px;"></a>
  (Session info: chrome=140.0.7339.129); For documentation on this error, please visit: https://www.selenium.dev/documentation/webdriver/troubleshooting/errors#elementclickinterceptedexception
Stacktrace:
	GetHandleVerifier [0x0x9bc333+65459]
	GetHandleVerifier [0x0x9bc374+65524]
	(No symbol) [0x0x7dd973]
	(No symbol) [0x0x82dbc0]
	(No symbol) [0x0x82bf23]
	(No symbol) [0x0x8299c7]
	(No symbol) [0x0x828c66]
	(No symbol) [0x0x81d195]
	(No symbol) [0x0x849dfc]
	(No symbol) [0x0x81cbf4]
	(No symbol) [0x0x849fb4]
	(No symbol) [0x0x86b606]
	(No symbol) [0x0x849bf6]
	(No symbol) [0x0x81b38e]
	(No symbol) [0x0x81c274]
	GetHandleVerifier [0x0xc3eda3+2697763]
	GetHandleVerifier [0x0xc39ec7+2677575]
	GetHandleVerifier [0x0x9e4194+228884]
	GetHandleVerifier [0x0x9d49f8+165496]
	GetHandleVerifier [0x0x9db18d+192013]
	GetHandleVerifier [0x0x9c47d8+99416]
	GetHandleVerifier [0x0x9c4972+99826]
	GetHandleVerifier [0x0x9aebea+10346]
	BaseThreadInitThunk [0x0x755bfcc9+25]
	RtlGetAppContainerNamedObjectPath [0x0x773a82ae+286]
	RtlGetAppContainerNamedObjectPath [0x0x773a827e+238]

🔄 Selecionando Centro de Custo 4...
❌ Erro ao selecionando centro de custo 4: Message: element click intercepted: Element <a class="sprites sp-openLov"></a> is not clickable at point (836, 464). Other element would receive the click: <a class="linkAlterar" style="height: 25.8889px;"></a>
  (Session info: chrome=140.0.7339.129); For documentation on this error, please visit: https://www.selenium.dev/documentation/webdriver/troubleshooting/errors#elementclickinterceptedexception
Stacktrace:
	GetHandleVerifier [0x0x9bc333+65459]
	GetHandleVerifier [0x0x9bc374+65524]
	(No symbol) [0x0x7dd973]
	(No symbol) [0x0x82dbc0]
	(No symbol) [0x0x82bf23]
	(No symbol) [0x0x8299c7]
	(No symbol) [0x0x828c66]
	(No symbol) [0x0x81d195]
	(No symbol) [0x0x849dfc]
	(No symbol) [0x0x81cbf4]
	(No symbol) [0x0x849fb4]
	(No symbol) [0x0x86b606]
	(No symbol) [0x0x849bf6]
	(No symbol) [0x0x81b38e]
	(No symbol) [0x0x81c274]
	GetHandleVerifier [0x0xc3eda3+2697763]
	GetHandleVerifier [0x0xc39ec7+2677575]
	GetHandleVerifier [0x0x9e4194+228884]
	GetHandleVerifier [0x0x9d49f8+165496]
	GetHandleVerifier [0x0x9db18d+192013]
	GetHandleVerifier [0x0x9c47d8+99416]
	GetHandleVerifier [0x0x9c4972+99826]
	GetHandleVerifier [0x0x9aebea+10346]
	BaseThreadInitThunk [0x0x755bfcc9+25]
	RtlGetAppContainerNamedObjectPath [0x0x773a82ae+286]
	RtlGetAppContainerNamedObjectPath [0x0x773a827e+238]

🔄 Cancelando cadastro...
❌ Erro ao cancelando cadastro: Message: element click intercepted: Element <a class="btModel btGray btcancel">...</a> is not clickable at point (882, 522). Other element would receive the click: <a class="linkAlterar" style="height: 25.8889px;"></a>
  (Session info: chrome=140.0.7339.129); For documentation on this error, please visit: https://www.selenium.dev/documentation/webdriver/troubleshooting/errors#elementclickinterceptedexception
Stacktrace:
	GetHandleVerifier [0x0x9bc333+65459]
	GetHandleVerifier [0x0x9bc374+65524]
	(No symbol) [0x0x7dd973]
	(No symbol) [0x0x82dbc0]
	(No symbol) [0x0x82bf23]
	(No symbol) [0x0x8299c7]
	(No symbol) [0x0x828c66]
	(No symbol) [0x0x81d195]
	(No symbol) [0x0x849dfc]
	(No symbol) [0x0x81cbf4]
	(No symbol) [0x0x849fb4]
	(No symbol) [0x0x86b606]
	(No symbol) [0x0x849bf6]
	(No symbol) [0x0x81b38e]
	(No symbol) [0x0x81c274]
	GetHandleVerifier [0x0xc3eda3+2697763]
	GetHandleVerifier [0x0xc39ec7+2677575]
	GetHandleVerifier [0x0x9e4194+228884]
	GetHandleVerifier [0x0x9d49f8+165496]
	GetHandleVerifier [0x0x9db18d+192013]
	GetHandleVerifier [0x0x9c47d8+99416]
	GetHandleVerifier [0x0x9c4972+99826]
	GetHandleVerifier [0x0x9aebea+10346]
	BaseThreadInitThunk [0x0x755bfcc9+25]
	RtlGetAppContainerNamedObjectPath [0x0x773a82ae+286]
	RtlGetAppContainerNamedObjectPath [0x0x773a827e+238]

🔄 Confirmando cancelamento...
❌ Erro ao confirmando cancelamento: Message: 
Stacktrace:
	GetHandleVerifier [0x0x9bc333+65459]
	GetHandleVerifier [0x0x9bc374+65524]
	(No symbol) [0x0x7dd973]
	(No symbol) [0x0x8276e7]
	(No symbol) [0x0x827a8b]
	(No symbol) [0x0x86dea2]
	(No symbol) [0x0x849e44]
	(No symbol) [0x0x86b606]
	(No symbol) [0x0x849bf6]
	(No symbol) [0x0x81b38e]
	(No symbol) [0x0x81c274]
	GetHandleVerifier [0x0xc3eda3+2697763]
	GetHandleVerifier [0x0xc39ec7+2677575]
	GetHandleVerifier [0x0x9e4194+228884]
	GetHandleVerifier [0x0x9d49f8+165496]
	GetHandleVerifier [0x0x9db18d+192013]
	GetHandleVerifier [0x0x9c47d8+99416]
	GetHandleVerifier [0x0x9c4972+99826]
	GetHandleVerifier [0x0x9aebea+10346]
	BaseThreadInitThunk [0x0x755bfcc9+25]
	RtlGetAppContainerNamedObjectPath [0x0x773a82ae+286]
	RtlGetAppContainerNamedObjectPath [0x0x773a827e+238]

🔄 Fechando modal após cancelamento...
❌ Erro ao fechando modal após cancelamento: Message: element click intercepted: Element <a class="sprites sp-close">...</a> is not clickable at point (1025, 28). Other element would receive the click: <div class="blockScreen" style="height: 589px; z-index: 10001; opacity: 0.5;"></div>
  (Session info: chrome=140.0.7339.129); For documentation on this error, please visit: https://www.selenium.dev/documentation/webdriver/troubleshooting/errors#elementclickinterceptedexception
Stacktrace:
	GetHandleVerifier [0x0x9bc333+65459]
	GetHandleVerifier [0x0x9bc374+65524]
	(No symbol) [0x0x7dd973]
	(No symbol) [0x0x82dbc0]
	(No symbol) [0x0x82bf23]
	(No symbol) [0x0x8299c7]
	(No symbol) [0x0x828c66]
	(No symbol) [0x0x81d195]
	(No symbol) [0x0x849dfc]
	(No symbol) [0x0x81cbf4]
	(No symbol) [0x0x849fb4]
	(No symbol) [0x0x86b606]
	(No symbol) [0x0x849bf6]
	(No symbol) [0x0x81b38e]
	(No symbol) [0x0x81c274]
	GetHandleVerifier [0x0xc3eda3+2697763]
	GetHandleVerifier [0x0xc39ec7+2677575]
	GetHandleVerifier [0x0x9e4194+228884]
	GetHandleVerifier [0x0x9d49f8+165496]
	GetHandleVerifier [0x0x9db18d+192013]
	GetHandleVerifier [0x0x9c47d8+99416]
	GetHandleVerifier [0x0x9c4972+99826]
	GetHandleVerifier [0x0x9aebea+10346]
	BaseThreadInitThunk [0x0x755bfcc9+25]
	RtlGetAppContainerNamedObjectPath [0x0x773a82ae+286]
	RtlGetAppContainerNamedObjectPath [0x0x773a827e+238]

ℹ️ Nenhuma mensagem de alerta encontrada.
✅ Teste concluído com sucesso.
📄 Relatório salvo como: relatorio_tipo_mensalidade_cenario_2_20250926_134939.docx
