🔄 Acessando sistema...
✅ Acessando sistema realizada com sucesso.
🔄 Realizando login...
✅ Realizando login realizada com sucesso.
🔄 Ajustando zoom...
🔍 Zoom ajustado para 90%.
✅ Ajustando zoom realizada com sucesso.
🔄 Abrindo menu Movimentação Bancária...
✅ Abrindo menu Movimentação Bancária realizada com sucesso.
🔄 Clicando em Cadastrar...
✅ Clicando em Cadastrar realizada com sucesso.
🔄 Preenchendo Data de Lançamento...
✅ Preenchendo Data de Lançamento realizada com sucesso.
🔄 Selecionando Tipo Lançamento...
✅ Selecionando Tipo Lançamento realizada com sucesso.
🔄 Selecionando Conta Bancária...
✅ Selecionando Conta Bancária realizada com sucesso.
🔄 Preenchendo Valor...
✅ Preenchendo Valor realizada com sucesso.
🔄 Selecionando Conta Débito...
✅ Selecionando Conta Débito realizada com sucesso.
🔄 Selecionando Centro de Custo...
✅ Selecionando Centro de Custo realizada com sucesso.
🔄 Selecionando Conta Crédito...
❌ Erro ao selecionando conta crédito: Message: stale element reference: stale element not found in the current frame
  (Session info: chrome=140.0.7339.129); For documentation on this error, please visit: https://www.selenium.dev/documentation/webdriver/troubleshooting/errors#staleelementreferenceexception
Stacktrace:
	GetHandleVerifier [0x0x9bc333+65459]
	GetHandleVerifier [0x0x9bc374+65524]
	(No symbol) [0x0x7dd973]
	(No symbol) [0x0x7e4330]
	(No symbol) [0x0x7e6734]
	(No symbol) [0x0x7e67c8]
	(No symbol) [0x0x82daf2]
	(No symbol) [0x0x82bf23]
	(No symbol) [0x0x8299c7]
	(No symbol) [0x0x828c66]
	(No symbol) [0x0x81d195]
	(No symbol) [0x0x849dfc]
	(No symbol) [0x0x81cbf4]
	(No symbol) [0x0x849fb4]
	(No symbol) [0x0x86b606]
	(No symbol) [0x0x849bf6]
	(No symbol) [0x0x81b38e]
	(No symbol) [0x0x81c274]
	GetHandleVerifier [0x0xc3eda3+2697763]
	GetHandleVerifier [0x0xc39ec7+2677575]
	GetHandleVerifier [0x0x9e4194+228884]
	GetHandleVerifier [0x0x9d49f8+165496]
	GetHandleVerifier [0x0x9db18d+192013]
	GetHandleVerifier [0x0x9c47d8+99416]
	GetHandleVerifier [0x0x9c4972+99826]
	GetHandleVerifier [0x0x9aebea+10346]
	BaseThreadInitThunk [0x0x755bfcc9+25]
	RtlGetAppContainerNamedObjectPath [0x0x773a82ae+286]
	RtlGetAppContainerNamedObjectPath [0x0x773a827e+238]

🔄 Selecionando Histórico Padrão...
❌ Erro ao selecionando histórico padrão: Message: element click intercepted: Element <a class="sprites sp-openLov"></a> is not clickable at point (572, 311). Other element would receive the click: <div class="modal overflow" style="z-index: 10002; left: 50%; top: 50%; width: 800px; height: 570px; margin-left: -400px; margin-top: -285px;">...</div>
  (Session info: chrome=140.0.7339.129); For documentation on this error, please visit: https://www.selenium.dev/documentation/webdriver/troubleshooting/errors#elementclickinterceptedexception
Stacktrace:
	GetHandleVerifier [0x0x9bc333+65459]
	GetHandleVerifier [0x0x9bc374+65524]
	(No symbol) [0x0x7dd973]
	(No symbol) [0x0x82dbc0]
	(No symbol) [0x0x82bf23]
	(No symbol) [0x0x8299c7]
	(No symbol) [0x0x828c66]
	(No symbol) [0x0x81d195]
	(No symbol) [0x0x849dfc]
	(No symbol) [0x0x81cbf4]
	(No symbol) [0x0x849fb4]
	(No symbol) [0x0x86b606]
	(No symbol) [0x0x849bf6]
	(No symbol) [0x0x81b38e]
	(No symbol) [0x0x81c274]
	GetHandleVerifier [0x0xc3eda3+2697763]
	GetHandleVerifier [0x0xc39ec7+2677575]
	GetHandleVerifier [0x0x9e4194+228884]
	GetHandleVerifier [0x0x9d49f8+165496]
	GetHandleVerifier [0x0x9db18d+192013]
	GetHandleVerifier [0x0x9c47d8+99416]
	GetHandleVerifier [0x0x9c4972+99826]
	GetHandleVerifier [0x0x9aebea+10346]
	BaseThreadInitThunk [0x0x755bfcc9+25]
	RtlGetAppContainerNamedObjectPath [0x0x773a82ae+286]
	RtlGetAppContainerNamedObjectPath [0x0x773a827e+238]

🔄 Preenchendo Complemento...
❌ Erro ao preenchendo complemento: Message: element click intercepted: Element <input type="text" ref="14" class="fc" maxlength="180" style="width: 260px;"> is not clickable at point (882, 313). Other element would receive the click: <div class="modal overflow" style="z-index: 10002; left: 50%; top: 50%; width: 800px; height: 570px; margin-left: -400px; margin-top: -285px;">...</div>
  (Session info: chrome=140.0.7339.129); For documentation on this error, please visit: https://www.selenium.dev/documentation/webdriver/troubleshooting/errors#elementclickinterceptedexception
Stacktrace:
	GetHandleVerifier [0x0x9bc333+65459]
	GetHandleVerifier [0x0x9bc374+65524]
	(No symbol) [0x0x7dd973]
	(No symbol) [0x0x82dbc0]
	(No symbol) [0x0x82bf23]
	(No symbol) [0x0x8299c7]
	(No symbol) [0x0x828c66]
	(No symbol) [0x0x81d195]
	(No symbol) [0x0x849dfc]
	(No symbol) [0x0x81cbf4]
	(No symbol) [0x0x849fb4]
	(No symbol) [0x0x86b606]
	(No symbol) [0x0x849bf6]
	(No symbol) [0x0x81b38e]
	(No symbol) [0x0x81c274]
	GetHandleVerifier [0x0xc3eda3+2697763]
	GetHandleVerifier [0x0xc39ec7+2677575]
	GetHandleVerifier [0x0x9e4194+228884]
	GetHandleVerifier [0x0x9d49f8+165496]
	GetHandleVerifier [0x0x9db18d+192013]
	GetHandleVerifier [0x0x9c47d8+99416]
	GetHandleVerifier [0x0x9c4972+99826]
	GetHandleVerifier [0x0x9aebea+10346]
	BaseThreadInitThunk [0x0x755bfcc9+25]
	RtlGetAppContainerNamedObjectPath [0x0x773a82ae+286]
	RtlGetAppContainerNamedObjectPath [0x0x773a827e+238]

🔄 Preenchendo Número do Documento...
❌ Erro ao preenchendo número do documento: Message: element click intercepted: Element <input type="text" ref="10028" class="fc" maxlength="25" style="width: 175px;"> is not clickable at point (580, 449). Other element would receive the click: <div class="modal overflow" style="z-index: 10002; left: 50%; top: 50%; width: 800px; height: 570px; margin-left: -400px; margin-top: -285px;">...</div>
  (Session info: chrome=140.0.7339.129); For documentation on this error, please visit: https://www.selenium.dev/documentation/webdriver/troubleshooting/errors#elementclickinterceptedexception
Stacktrace:
	GetHandleVerifier [0x0x9bc333+65459]
	GetHandleVerifier [0x0x9bc374+65524]
	(No symbol) [0x0x7dd973]
	(No symbol) [0x0x82dbc0]
	(No symbol) [0x0x82bf23]
	(No symbol) [0x0x8299c7]
	(No symbol) [0x0x828c66]
	(No symbol) [0x0x81d195]
	(No symbol) [0x0x849dfc]
	(No symbol) [0x0x81cbf4]
	(No symbol) [0x0x849fb4]
	(No symbol) [0x0x86b606]
	(No symbol) [0x0x849bf6]
	(No symbol) [0x0x81b38e]
	(No symbol) [0x0x81c274]
	GetHandleVerifier [0x0xc3eda3+2697763]
	GetHandleVerifier [0x0xc39ec7+2677575]
	GetHandleVerifier [0x0x9e4194+228884]
	GetHandleVerifier [0x0x9d49f8+165496]
	GetHandleVerifier [0x0x9db18d+192013]
	GetHandleVerifier [0x0x9c47d8+99416]
	GetHandleVerifier [0x0x9c4972+99826]
	GetHandleVerifier [0x0x9aebea+10346]
	BaseThreadInitThunk [0x0x755bfcc9+25]
	RtlGetAppContainerNamedObjectPath [0x0x773a82ae+286]
	RtlGetAppContainerNamedObjectPath [0x0x773a827e+238]

🔄 Preenchendo Observação...
❌ Erro ao preenchendo observação: Message: element click intercepted: Element <input type="text" ref="28" class="fc" maxlength="255" style="width: 260px;"> is not clickable at point (806, 449). Other element would receive the click: <div class="modal overflow" style="z-index: 10002; left: 50%; top: 50%; width: 800px; height: 570px; margin-left: -400px; margin-top: -285px;">...</div>
  (Session info: chrome=140.0.7339.129); For documentation on this error, please visit: https://www.selenium.dev/documentation/webdriver/troubleshooting/errors#elementclickinterceptedexception
Stacktrace:
	GetHandleVerifier [0x0x9bc333+65459]
	GetHandleVerifier [0x0x9bc374+65524]
	(No symbol) [0x0x7dd973]
	(No symbol) [0x0x82dbc0]
	(No symbol) [0x0x82bf23]
	(No symbol) [0x0x8299c7]
	(No symbol) [0x0x828c66]
	(No symbol) [0x0x81d195]
	(No symbol) [0x0x849dfc]
	(No symbol) [0x0x81cbf4]
	(No symbol) [0x0x849fb4]
	(No symbol) [0x0x86b606]
	(No symbol) [0x0x849bf6]
	(No symbol) [0x0x81b38e]
	(No symbol) [0x0x81c274]
	GetHandleVerifier [0x0xc3eda3+2697763]
	GetHandleVerifier [0x0xc39ec7+2677575]
	GetHandleVerifier [0x0x9e4194+228884]
	GetHandleVerifier [0x0x9d49f8+165496]
	GetHandleVerifier [0x0x9db18d+192013]
	GetHandleVerifier [0x0x9c47d8+99416]
	GetHandleVerifier [0x0x9c4972+99826]
	GetHandleVerifier [0x0x9aebea+10346]
	BaseThreadInitThunk [0x0x755bfcc9+25]
	RtlGetAppContainerNamedObjectPath [0x0x773a82ae+286]
	RtlGetAppContainerNamedObjectPath [0x0x773a827e+238]

🔄 Selecionando Fornecedor...
❌ Erro ao selecionando fornecedor: Message: element click intercepted: Element <a class="sprites sp-openLov"></a> is not clickable at point (675, 489). Other element would receive the click: <div class="modal overflow" style="z-index: 10002; left: 50%; top: 50%; width: 800px; height: 570px; margin-left: -400px; margin-top: -285px;">...</div>
  (Session info: chrome=140.0.7339.129); For documentation on this error, please visit: https://www.selenium.dev/documentation/webdriver/troubleshooting/errors#elementclickinterceptedexception
Stacktrace:
	GetHandleVerifier [0x0x9bc333+65459]
	GetHandleVerifier [0x0x9bc374+65524]
	(No symbol) [0x0x7dd973]
	(No symbol) [0x0x82dbc0]
	(No symbol) [0x0x82bf23]
	(No symbol) [0x0x8299c7]
	(No symbol) [0x0x828c66]
	(No symbol) [0x0x81d195]
	(No symbol) [0x0x849dfc]
	(No symbol) [0x0x81cbf4]
	(No symbol) [0x0x849fb4]
	(No symbol) [0x0x86b606]
	(No symbol) [0x0x849bf6]
	(No symbol) [0x0x81b38e]
	(No symbol) [0x0x81c274]
	GetHandleVerifier [0x0xc3eda3+2697763]
	GetHandleVerifier [0x0xc39ec7+2677575]
	GetHandleVerifier [0x0x9e4194+228884]
	GetHandleVerifier [0x0x9d49f8+165496]
	GetHandleVerifier [0x0x9db18d+192013]
	GetHandleVerifier [0x0x9c47d8+99416]
	GetHandleVerifier [0x0x9c4972+99826]
	GetHandleVerifier [0x0x9aebea+10346]
	BaseThreadInitThunk [0x0x755bfcc9+25]
	RtlGetAppContainerNamedObjectPath [0x0x773a82ae+286]
	RtlGetAppContainerNamedObjectPath [0x0x773a827e+238]

🔄 Preenchendo Parcela...
❌ Erro ao preenchendo parcela: Message: element click intercepted: Element <input type="text" ref="10029" class="fc" maxlength="3" style="width: 90px; text-align: right;"> is not clickable at point (752, 490). Other element would receive the click: <div class="modal overflow" style="z-index: 10002; left: 50%; top: 50%; width: 800px; height: 570px; margin-left: -400px; margin-top: -285px;">...</div>
  (Session info: chrome=140.0.7339.129); For documentation on this error, please visit: https://www.selenium.dev/documentation/webdriver/troubleshooting/errors#elementclickinterceptedexception
Stacktrace:
	GetHandleVerifier [0x0x9bc333+65459]
	GetHandleVerifier [0x0x9bc374+65524]
	(No symbol) [0x0x7dd973]
	(No symbol) [0x0x82dbc0]
	(No symbol) [0x0x82bf23]
	(No symbol) [0x0x8299c7]
	(No symbol) [0x0x828c66]
	(No symbol) [0x0x81d195]
	(No symbol) [0x0x849dfc]
	(No symbol) [0x0x81cbf4]
	(No symbol) [0x0x849fb4]
	(No symbol) [0x0x86b606]
	(No symbol) [0x0x849bf6]
	(No symbol) [0x0x81b38e]
	(No symbol) [0x0x81c274]
	GetHandleVerifier [0x0xc3eda3+2697763]
	GetHandleVerifier [0x0xc39ec7+2677575]
	GetHandleVerifier [0x0x9e4194+228884]
	GetHandleVerifier [0x0x9d49f8+165496]
	GetHandleVerifier [0x0x9db18d+192013]
	GetHandleVerifier [0x0x9c47d8+99416]
	GetHandleVerifier [0x0x9c4972+99826]
	GetHandleVerifier [0x0x9aebea+10346]
	BaseThreadInitThunk [0x0x755bfcc9+25]
	RtlGetAppContainerNamedObjectPath [0x0x773a82ae+286]
	RtlGetAppContainerNamedObjectPath [0x0x773a827e+238]

🔄 Preenchendo Número do Cheque...
✅ Preenchendo Número do Cheque realizada com sucesso.
🔄 Preenchendo Data Pré...
❌ Erro ao preenchendo data pré: Message: element click intercepted: Element <input type="text" grupo="10013" maxlength="10" id="dp1758910380069" class="hasDatepicker fc" ref="10031" style="width: 90px;"> is not clickable at point (543, 379). Other element would receive the click: <div class="modal overflow" style="z-index: 10002; left: 50%; top: 50%; width: 800px; height: 570px; margin-left: -400px; margin-top: -285px;">...</div>
  (Session info: chrome=140.0.7339.129); For documentation on this error, please visit: https://www.selenium.dev/documentation/webdriver/troubleshooting/errors#elementclickinterceptedexception
Stacktrace:
	GetHandleVerifier [0x0x9bc333+65459]
	GetHandleVerifier [0x0x9bc374+65524]
	(No symbol) [0x0x7dd973]
	(No symbol) [0x0x82dbc0]
	(No symbol) [0x0x82bf23]
	(No symbol) [0x0x8299c7]
	(No symbol) [0x0x828c66]
	(No symbol) [0x0x81d195]
	(No symbol) [0x0x849dfc]
	(No symbol) [0x0x81cbf4]
	(No symbol) [0x0x849fb4]
	(No symbol) [0x0x86b606]
	(No symbol) [0x0x849bf6]
	(No symbol) [0x0x81b38e]
	(No symbol) [0x0x81c274]
	GetHandleVerifier [0x0xc3eda3+2697763]
	GetHandleVerifier [0x0xc39ec7+2677575]
	GetHandleVerifier [0x0x9e4194+228884]
	GetHandleVerifier [0x0x9d49f8+165496]
	GetHandleVerifier [0x0x9db18d+192013]
	GetHandleVerifier [0x0x9c47d8+99416]
	GetHandleVerifier [0x0x9c4972+99826]
	GetHandleVerifier [0x0x9aebea+10346]
	BaseThreadInitThunk [0x0x755bfcc9+25]
	RtlGetAppContainerNamedObjectPath [0x0x773a82ae+286]
	RtlGetAppContainerNamedObjectPath [0x0x773a827e+238]

🔄 Clicando em Cancelar...
❌ Erro ao clicando em cancelar: Message: element click intercepted: Element <a class="btModel btGray btcancel">...</a> is not clickable at point (882, 522). Other element would receive the click: <div class="modal overflow" style="z-index: 10002; left: 50%; top: 50%; width: 800px; height: 570px; margin-left: -400px; margin-top: -285px;">...</div>
  (Session info: chrome=140.0.7339.129); For documentation on this error, please visit: https://www.selenium.dev/documentation/webdriver/troubleshooting/errors#elementclickinterceptedexception
Stacktrace:
	GetHandleVerifier [0x0x9bc333+65459]
	GetHandleVerifier [0x0x9bc374+65524]
	(No symbol) [0x0x7dd973]
	(No symbol) [0x0x82dbc0]
	(No symbol) [0x0x82bf23]
	(No symbol) [0x0x8299c7]
	(No symbol) [0x0x828c66]
	(No symbol) [0x0x81d195]
	(No symbol) [0x0x849dfc]
	(No symbol) [0x0x81cbf4]
	(No symbol) [0x0x849fb4]
	(No symbol) [0x0x86b606]
	(No symbol) [0x0x849bf6]
	(No symbol) [0x0x81b38e]
	(No symbol) [0x0x81c274]
	GetHandleVerifier [0x0xc3eda3+2697763]
	GetHandleVerifier [0x0xc39ec7+2677575]
	GetHandleVerifier [0x0x9e4194+228884]
	GetHandleVerifier [0x0x9d49f8+165496]
	GetHandleVerifier [0x0x9db18d+192013]
	GetHandleVerifier [0x0x9c47d8+99416]
	GetHandleVerifier [0x0x9c4972+99826]
	GetHandleVerifier [0x0x9aebea+10346]
	BaseThreadInitThunk [0x0x755bfcc9+25]
	RtlGetAppContainerNamedObjectPath [0x0x773a82ae+286]
	RtlGetAppContainerNamedObjectPath [0x0x773a827e+238]

🔄 Confirmando o cancelamento...
❌ Erro ao confirmando o cancelamento: Message: 
Stacktrace:
	GetHandleVerifier [0x0x9bc333+65459]
	GetHandleVerifier [0x0x9bc374+65524]
	(No symbol) [0x0x7dd973]
	(No symbol) [0x0x8276e7]
	(No symbol) [0x0x827a8b]
	(No symbol) [0x0x86dea2]
	(No symbol) [0x0x849e44]
	(No symbol) [0x0x86b606]
	(No symbol) [0x0x849bf6]
	(No symbol) [0x0x81b38e]
	(No symbol) [0x0x81c274]
	GetHandleVerifier [0x0xc3eda3+2697763]
	GetHandleVerifier [0x0xc39ec7+2677575]
	GetHandleVerifier [0x0x9e4194+228884]
	GetHandleVerifier [0x0x9d49f8+165496]
	GetHandleVerifier [0x0x9db18d+192013]
	GetHandleVerifier [0x0x9c47d8+99416]
	GetHandleVerifier [0x0x9c4972+99826]
	GetHandleVerifier [0x0x9aebea+10346]
	BaseThreadInitThunk [0x0x755bfcc9+25]
	RtlGetAppContainerNamedObjectPath [0x0x773a82ae+286]
	RtlGetAppContainerNamedObjectPath [0x0x773a827e+238]

ℹ️ Nenhuma mensagem de alerta encontrada.
🔄 Fechando modal...
❌ Erro ao fechando modal: Message: element click intercepted: Element <a class="sprites sp-close">...</a> is not clickable at point (1025, 28). Other element would receive the click: <div class="blockScreen" style="height: 589px; z-index: 10001; opacity: 0.5;"></div>
  (Session info: chrome=140.0.7339.129); For documentation on this error, please visit: https://www.selenium.dev/documentation/webdriver/troubleshooting/errors#elementclickinterceptedexception
Stacktrace:
	GetHandleVerifier [0x0x9bc333+65459]
	GetHandleVerifier [0x0x9bc374+65524]
	(No symbol) [0x0x7dd973]
	(No symbol) [0x0x82dbc0]
	(No symbol) [0x0x82bf23]
	(No symbol) [0x0x8299c7]
	(No symbol) [0x0x828c66]
	(No symbol) [0x0x81d195]
	(No symbol) [0x0x849dfc]
	(No symbol) [0x0x81cbf4]
	(No symbol) [0x0x849fb4]
	(No symbol) [0x0x86b606]
	(No symbol) [0x0x849bf6]
	(No symbol) [0x0x81b38e]
	(No symbol) [0x0x81c274]
	GetHandleVerifier [0x0xc3eda3+2697763]
	GetHandleVerifier [0x0xc39ec7+2677575]
	GetHandleVerifier [0x0x9e4194+228884]
	GetHandleVerifier [0x0x9d49f8+165496]
	GetHandleVerifier [0x0x9db18d+192013]
	GetHandleVerifier [0x0x9c47d8+99416]
	GetHandleVerifier [0x0x9c4972+99826]
	GetHandleVerifier [0x0x9aebea+10346]
	BaseThreadInitThunk [0x0x755bfcc9+25]
	RtlGetAppContainerNamedObjectPath [0x0x773a82ae+286]
	RtlGetAppContainerNamedObjectPath [0x0x773a827e+238]

✅ Teste concluído com sucesso.
📄 Relatório salvo como: relatorio_movimentacao_bancaria_cenario_2_20250926_151347.docx
