🔄 Acessando sistema...
✅ Acessando sistema realizada com sucesso.
🔄 Realizando login...
✅ Realizando login realizada com sucesso.
🔄 Esperando sistema carregar e ajustando zoom...
🔍 Zoom ajustado para 90%.
✅ Esperando sistema carregar e ajustando zoom realizada com sucesso.
🔄 Abrindo menu Formulário Digital...
✅ Abrindo menu Formulário Digital realizada com sucesso.
🔄 Clicando em Cadastrar...
✅ Clicando em Cadastrar realizada com sucesso.
🔄 Preenchendo Título do Formulário...
✅ Preenchendo Título do Formulário realizada com sucesso.
🔄 Preenchendo Descrição do Formulário...
✅ Preenchendo Descrição do Formulário realizada com sucesso.
🔄 Selecionando Formato do Formulário...
✅ Selecionando Formato do Formulário realizada com sucesso.
🔄 Criando pergunta 1: POSSUI FILHOS? (TESTE SELENIUM AUTOMATIZADO 911)...
❌ Erro ao criando pergunta 1: possui filhos? (teste selenium automatizado 911): Message: element click intercepted: Element <a class="btAddGroup">...</a> is not clickable at point (931, 324). Other element would receive the click: <div class="btnListHolder">...</div>
  (Session info: chrome=140.0.7339.208); For documentation on this error, please visit: https://www.selenium.dev/documentation/webdriver/troubleshooting/errors#elementclickinterceptedexception
Stacktrace:
	GetHandleVerifier [0x0x4fc333+65459]
	GetHandleVerifier [0x0x4fc374+65524]
	(No symbol) [0x0x31d973]
	(No symbol) [0x0x36dbc0]
	(No symbol) [0x0x36bf23]
	(No symbol) [0x0x3699c7]
	(No symbol) [0x0x368c66]
	(No symbol) [0x0x35d195]
	(No symbol) [0x0x389dfc]
	(No symbol) [0x0x35cbf4]
	(No symbol) [0x0x389fb4]
	(No symbol) [0x0x3ab606]
	(No symbol) [0x0x389bf6]
	(No symbol) [0x0x35b38e]
	(No symbol) [0x0x35c274]
	GetHandleVerifier [0x0x77eda3+2697763]
	GetHandleVerifier [0x0x779ec7+2677575]
	GetHandleVerifier [0x0x524194+228884]
	GetHandleVerifier [0x0x5149f8+165496]
	GetHandleVerifier [0x0x51b18d+192013]
	GetHandleVerifier [0x0x5047d8+99416]
	GetHandleVerifier [0x0x504972+99826]
	GetHandleVerifier [0x0x4eebea+10346]
	BaseThreadInitThunk [0x0x755bfcc9+25]
	RtlGetAppContainerNamedObjectPath [0x0x773a82ae+286]
	RtlGetAppContainerNamedObjectPath [0x0x773a827e+238]

🔄 Criando pergunta 2: CASADO? (TESTE SELENIUM AUTOMATIZADO 911)...
❌ Erro ao criando pergunta 2: casado? (teste selenium automatizado 911): Message: element click intercepted: Element <a class="sprites sp-openLov"></a> is not clickable at point (693, 299). Other element would receive the click: <input type="text" style="width:220px" class="isLovPicker mandatory fc isList" readonly="readonly">
  (Session info: chrome=140.0.7339.208); For documentation on this error, please visit: https://www.selenium.dev/documentation/webdriver/troubleshooting/errors#elementclickinterceptedexception
Stacktrace:
	GetHandleVerifier [0x0x4fc333+65459]
	GetHandleVerifier [0x0x4fc374+65524]
	(No symbol) [0x0x31d973]
	(No symbol) [0x0x36dbc0]
	(No symbol) [0x0x36bf23]
	(No symbol) [0x0x3699c7]
	(No symbol) [0x0x368c66]
	(No symbol) [0x0x35d195]
	(No symbol) [0x0x389dfc]
	(No symbol) [0x0x35cbf4]
	(No symbol) [0x0x389fb4]
	(No symbol) [0x0x3ab606]
	(No symbol) [0x0x389bf6]
	(No symbol) [0x0x35b38e]
	(No symbol) [0x0x35c274]
	GetHandleVerifier [0x0x77eda3+2697763]
	GetHandleVerifier [0x0x779ec7+2677575]
	GetHandleVerifier [0x0x524194+228884]
	GetHandleVerifier [0x0x5149f8+165496]
	GetHandleVerifier [0x0x51b18d+192013]
	GetHandleVerifier [0x0x5047d8+99416]
	GetHandleVerifier [0x0x504972+99826]
	GetHandleVerifier [0x0x4eebea+10346]
	BaseThreadInitThunk [0x0x755bfcc9+25]
	RtlGetAppContainerNamedObjectPath [0x0x773a82ae+286]
	RtlGetAppContainerNamedObjectPath [0x0x773a827e+238]

🔄 Criando pergunta 3: TEM PET? (TESTE SELENIUM AUTOMATIZADO 911)...
❌ Erro ao criando pergunta 3: tem pet? (teste selenium automatizado 911): Message: element click intercepted: Element <a class="sprites sp-openLov"></a> is not clickable at point (693, 299). Other element would receive the click: <input type="text" style="width:220px" class="isLovPicker mandatory fc isList" readonly="readonly">
  (Session info: chrome=140.0.7339.208); For documentation on this error, please visit: https://www.selenium.dev/documentation/webdriver/troubleshooting/errors#elementclickinterceptedexception
Stacktrace:
	GetHandleVerifier [0x0x4fc333+65459]
	GetHandleVerifier [0x0x4fc374+65524]
	(No symbol) [0x0x31d973]
	(No symbol) [0x0x36dbc0]
	(No symbol) [0x0x36bf23]
	(No symbol) [0x0x3699c7]
	(No symbol) [0x0x368c66]
	(No symbol) [0x0x35d195]
	(No symbol) [0x0x389dfc]
	(No symbol) [0x0x35cbf4]
	(No symbol) [0x0x389fb4]
	(No symbol) [0x0x3ab606]
	(No symbol) [0x0x389bf6]
	(No symbol) [0x0x35b38e]
	(No symbol) [0x0x35c274]
	GetHandleVerifier [0x0x77eda3+2697763]
	GetHandleVerifier [0x0x779ec7+2677575]
	GetHandleVerifier [0x0x524194+228884]
	GetHandleVerifier [0x0x5149f8+165496]
	GetHandleVerifier [0x0x51b18d+192013]
	GetHandleVerifier [0x0x5047d8+99416]
	GetHandleVerifier [0x0x504972+99826]
	GetHandleVerifier [0x0x4eebea+10346]
	BaseThreadInitThunk [0x0x755bfcc9+25]
	RtlGetAppContainerNamedObjectPath [0x0x773a82ae+286]
	RtlGetAppContainerNamedObjectPath [0x0x773a827e+238]

🔄 Criando pergunta 4: QUAL É O SEU NOME? (TESTE SELENIUM AUTOMATIZADO 911)...
❌ Erro ao criando pergunta 4: qual é o seu nome? (teste selenium automatizado 911): Message: element click intercepted: Element <a class="sprites sp-openLov"></a> is not clickable at point (693, 299). Other element would receive the click: <input type="text" style="width:220px" class="isLovPicker mandatory fc isList" readonly="readonly">
  (Session info: chrome=140.0.7339.208); For documentation on this error, please visit: https://www.selenium.dev/documentation/webdriver/troubleshooting/errors#elementclickinterceptedexception
Stacktrace:
	GetHandleVerifier [0x0x4fc333+65459]
	GetHandleVerifier [0x0x4fc374+65524]
	(No symbol) [0x0x31d973]
	(No symbol) [0x0x36dbc0]
	(No symbol) [0x0x36bf23]
	(No symbol) [0x0x3699c7]
	(No symbol) [0x0x368c66]
	(No symbol) [0x0x35d195]
	(No symbol) [0x0x389dfc]
	(No symbol) [0x0x35cbf4]
	(No symbol) [0x0x389fb4]
	(No symbol) [0x0x3ab606]
	(No symbol) [0x0x389bf6]
	(No symbol) [0x0x35b38e]
	(No symbol) [0x0x35c274]
	GetHandleVerifier [0x0x77eda3+2697763]
	GetHandleVerifier [0x0x779ec7+2677575]
	GetHandleVerifier [0x0x524194+228884]
	GetHandleVerifier [0x0x5149f8+165496]
	GetHandleVerifier [0x0x51b18d+192013]
	GetHandleVerifier [0x0x5047d8+99416]
	GetHandleVerifier [0x0x504972+99826]
	GetHandleVerifier [0x0x4eebea+10346]
	BaseThreadInitThunk [0x0x755bfcc9+25]
	RtlGetAppContainerNamedObjectPath [0x0x773a82ae+286]
	RtlGetAppContainerNamedObjectPath [0x0x773a827e+238]

🔄 Cancelando formulário digital...
❌ Erro ao cancelando formulário digital: Message: element click intercepted: Element <a class="btModel btGray btcancel">...</a> is not clickable at point (882, 570). Other element would receive the click: <a class="btModel btGray btcancel">...</a>
  (Session info: chrome=140.0.7339.208); For documentation on this error, please visit: https://www.selenium.dev/documentation/webdriver/troubleshooting/errors#elementclickinterceptedexception
Stacktrace:
	GetHandleVerifier [0x0x4fc333+65459]
	GetHandleVerifier [0x0x4fc374+65524]
	(No symbol) [0x0x31d973]
	(No symbol) [0x0x36dbc0]
	(No symbol) [0x0x36bf23]
	(No symbol) [0x0x3699c7]
	(No symbol) [0x0x368c66]
	(No symbol) [0x0x35d195]
	(No symbol) [0x0x389dfc]
	(No symbol) [0x0x35cbf4]
	(No symbol) [0x0x389fb4]
	(No symbol) [0x0x3ab606]
	(No symbol) [0x0x389bf6]
	(No symbol) [0x0x35b38e]
	(No symbol) [0x0x35c274]
	GetHandleVerifier [0x0x77eda3+2697763]
	GetHandleVerifier [0x0x779ec7+2677575]
	GetHandleVerifier [0x0x524194+228884]
	GetHandleVerifier [0x0x5149f8+165496]
	GetHandleVerifier [0x0x51b18d+192013]
	GetHandleVerifier [0x0x5047d8+99416]
	GetHandleVerifier [0x0x504972+99826]
	GetHandleVerifier [0x0x4eebea+10346]
	BaseThreadInitThunk [0x0x755bfcc9+25]
	RtlGetAppContainerNamedObjectPath [0x0x773a82ae+286]
	RtlGetAppContainerNamedObjectPath [0x0x773a827e+238]

🔄 Confirmando o cancelamento...
❌ Erro ao confirmando o cancelamento: Message: 
Stacktrace:
	GetHandleVerifier [0x0x4fc333+65459]
	GetHandleVerifier [0x0x4fc374+65524]
	(No symbol) [0x0x31d973]
	(No symbol) [0x0x3676e7]
	(No symbol) [0x0x367a8b]
	(No symbol) [0x0x3adea2]
	(No symbol) [0x0x389e44]
	(No symbol) [0x0x3ab606]
	(No symbol) [0x0x389bf6]
	(No symbol) [0x0x35b38e]
	(No symbol) [0x0x35c274]
	GetHandleVerifier [0x0x77eda3+2697763]
	GetHandleVerifier [0x0x779ec7+2677575]
	GetHandleVerifier [0x0x524194+228884]
	GetHandleVerifier [0x0x5149f8+165496]
	GetHandleVerifier [0x0x51b18d+192013]
	GetHandleVerifier [0x0x5047d8+99416]
	GetHandleVerifier [0x0x504972+99826]
	GetHandleVerifier [0x0x4eebea+10346]
	BaseThreadInitThunk [0x0x755bfcc9+25]
	RtlGetAppContainerNamedObjectPath [0x0x773a82ae+286]
	RtlGetAppContainerNamedObjectPath [0x0x773a827e+238]

🔄 Fechando modal após cancelamento...
❌ Erro ao fechando modal após cancelamento: Message: element click intercepted: Element <a class="sprites sp-close">...</a> is not clickable at point (1025, 78). Other element would receive the click: <h2>...</h2>
  (Session info: chrome=140.0.7339.208); For documentation on this error, please visit: https://www.selenium.dev/documentation/webdriver/troubleshooting/errors#elementclickinterceptedexception
Stacktrace:
	GetHandleVerifier [0x0x4fc333+65459]
	GetHandleVerifier [0x0x4fc374+65524]
	(No symbol) [0x0x31d973]
	(No symbol) [0x0x36dbc0]
	(No symbol) [0x0x36bf23]
	(No symbol) [0x0x3699c7]
	(No symbol) [0x0x368c66]
	(No symbol) [0x0x35d195]
	(No symbol) [0x0x389dfc]
	(No symbol) [0x0x35cbf4]
	(No symbol) [0x0x389fb4]
	(No symbol) [0x0x3ab606]
	(No symbol) [0x0x389bf6]
	(No symbol) [0x0x35b38e]
	(No symbol) [0x0x35c274]
	GetHandleVerifier [0x0x77eda3+2697763]
	GetHandleVerifier [0x0x779ec7+2677575]
	GetHandleVerifier [0x0x524194+228884]
	GetHandleVerifier [0x0x5149f8+165496]
	GetHandleVerifier [0x0x51b18d+192013]
	GetHandleVerifier [0x0x5047d8+99416]
	GetHandleVerifier [0x0x504972+99826]
	GetHandleVerifier [0x0x4eebea+10346]
	BaseThreadInitThunk [0x0x755bfcc9+25]
	RtlGetAppContainerNamedObjectPath [0x0x773a82ae+286]
	RtlGetAppContainerNamedObjectPath [0x0x773a827e+238]

ℹ️ Nenhuma mensagem de alerta encontrada.
✅ Teste concluído com sucesso.
📄 Relatório salvo como: relatorio_formulario_digital_cenario_2_20251001_171657.docx
