🔄 Acessando sistema...
✅ Acessando sistema realizada com sucesso.
🔄 Realizando login...
✅ Realizando login realizada com sucesso.
🔄 Esperando sistema carregar e ajustando zoom...
🔍 Zoom ajustado para 90%.
✅ Esperando sistema carregar e ajustando zoom realizada com sucesso.
🔄 Abrindo menu Formulário Digital...
✅ Abrindo menu Formulário Digital realizada com sucesso.
🔄 Clicando em Cadastrar...
✅ Clicando em Cadastrar realizada com sucesso.
🔄 Selecionando Formato do Formulário...
✅ Selecionando Formato do Formulário realizada com sucesso.
🔄 Criando pergunta 1: POSSUI FILHOS? (TESTE SELENIUM AUTOMATIZADO 868)...
❌ Erro ao criando pergunta 1: possui filhos? (teste selenium automatizado 868): Message: element click intercepted: Element <a class="btAddGroup">...</a> is not clickable at point (931, 324). Other element would receive the click: <div class="btnListHolder">...</div>
  (Session info: chrome=140.0.7339.129); For documentation on this error, please visit: https://www.selenium.dev/documentation/webdriver/troubleshooting/errors#elementclickinterceptedexception
Stacktrace:
	GetHandleVerifier [0x0x9bc333+65459]
	GetHandleVerifier [0x0x9bc374+65524]
	(No symbol) [0x0x7dd973]
	(No symbol) [0x0x82dbc0]
	(No symbol) [0x0x82bf23]
	(No symbol) [0x0x8299c7]
	(No symbol) [0x0x828c66]
	(No symbol) [0x0x81d195]
	(No symbol) [0x0x849dfc]
	(No symbol) [0x0x81cbf4]
	(No symbol) [0x0x849fb4]
	(No symbol) [0x0x86b606]
	(No symbol) [0x0x849bf6]
	(No symbol) [0x0x81b38e]
	(No symbol) [0x0x81c274]
	GetHandleVerifier [0x0xc3eda3+2697763]
	GetHandleVerifier [0x0xc39ec7+2677575]
	GetHandleVerifier [0x0x9e4194+228884]
	GetHandleVerifier [0x0x9d49f8+165496]
	GetHandleVerifier [0x0x9db18d+192013]
	GetHandleVerifier [0x0x9c47d8+99416]
	GetHandleVerifier [0x0x9c4972+99826]
	GetHandleVerifier [0x0x9aebea+10346]
	BaseThreadInitThunk [0x0x755bfcc9+25]
	RtlGetAppContainerNamedObjectPath [0x0x773a82ae+286]
	RtlGetAppContainerNamedObjectPath [0x0x773a827e+238]

🔄 Criando pergunta 2: CASADO? (TESTE SELENIUM AUTOMATIZADO 868)...
❌ Erro ao criando pergunta 2: casado? (teste selenium automatizado 868): Message: element click intercepted: Element <a class="sprites sp-openLov"></a> is not clickable at point (693, 299). Other element would receive the click: <input type="text" style="width:220px" class="isLovPicker mandatory fc isList" readonly="readonly">
  (Session info: chrome=140.0.7339.129); For documentation on this error, please visit: https://www.selenium.dev/documentation/webdriver/troubleshooting/errors#elementclickinterceptedexception
Stacktrace:
	GetHandleVerifier [0x0x9bc333+65459]
	GetHandleVerifier [0x0x9bc374+65524]
	(No symbol) [0x0x7dd973]
	(No symbol) [0x0x82dbc0]
	(No symbol) [0x0x82bf23]
	(No symbol) [0x0x8299c7]
	(No symbol) [0x0x828c66]
	(No symbol) [0x0x81d195]
	(No symbol) [0x0x849dfc]
	(No symbol) [0x0x81cbf4]
	(No symbol) [0x0x849fb4]
	(No symbol) [0x0x86b606]
	(No symbol) [0x0x849bf6]
	(No symbol) [0x0x81b38e]
	(No symbol) [0x0x81c274]
	GetHandleVerifier [0x0xc3eda3+2697763]
	GetHandleVerifier [0x0xc39ec7+2677575]
	GetHandleVerifier [0x0x9e4194+228884]
	GetHandleVerifier [0x0x9d49f8+165496]
	GetHandleVerifier [0x0x9db18d+192013]
	GetHandleVerifier [0x0x9c47d8+99416]
	GetHandleVerifier [0x0x9c4972+99826]
	GetHandleVerifier [0x0x9aebea+10346]
	BaseThreadInitThunk [0x0x755bfcc9+25]
	RtlGetAppContainerNamedObjectPath [0x0x773a82ae+286]
	RtlGetAppContainerNamedObjectPath [0x0x773a827e+238]

🔄 Criando pergunta 3: TEM PET? (TESTE SELENIUM AUTOMATIZADO 868)...
❌ Erro ao criando pergunta 3: tem pet? (teste selenium automatizado 868): Message: element click intercepted: Element <a class="sprites sp-openLov"></a> is not clickable at point (693, 299). Other element would receive the click: <input type="text" style="width:220px" class="isLovPicker mandatory fc isList" readonly="readonly">
  (Session info: chrome=140.0.7339.129); For documentation on this error, please visit: https://www.selenium.dev/documentation/webdriver/troubleshooting/errors#elementclickinterceptedexception
Stacktrace:
	GetHandleVerifier [0x0x9bc333+65459]
	GetHandleVerifier [0x0x9bc374+65524]
	(No symbol) [0x0x7dd973]
	(No symbol) [0x0x82dbc0]
	(No symbol) [0x0x82bf23]
	(No symbol) [0x0x8299c7]
	(No symbol) [0x0x828c66]
	(No symbol) [0x0x81d195]
	(No symbol) [0x0x849dfc]
	(No symbol) [0x0x81cbf4]
	(No symbol) [0x0x849fb4]
	(No symbol) [0x0x86b606]
	(No symbol) [0x0x849bf6]
	(No symbol) [0x0x81b38e]
	(No symbol) [0x0x81c274]
	GetHandleVerifier [0x0xc3eda3+2697763]
	GetHandleVerifier [0x0xc39ec7+2677575]
	GetHandleVerifier [0x0x9e4194+228884]
	GetHandleVerifier [0x0x9d49f8+165496]
	GetHandleVerifier [0x0x9db18d+192013]
	GetHandleVerifier [0x0x9c47d8+99416]
	GetHandleVerifier [0x0x9c4972+99826]
	GetHandleVerifier [0x0x9aebea+10346]
	BaseThreadInitThunk [0x0x755bfcc9+25]
	RtlGetAppContainerNamedObjectPath [0x0x773a82ae+286]
	RtlGetAppContainerNamedObjectPath [0x0x773a827e+238]

🔄 Criando pergunta 4: QUAL É O SEU NOME? (TESTE SELENIUM AUTOMATIZADO 868)...
❌ Erro ao criando pergunta 4: qual é o seu nome? (teste selenium automatizado 868): Message: element click intercepted: Element <a class="sprites sp-openLov"></a> is not clickable at point (693, 299). Other element would receive the click: <input type="text" style="width:220px" class="isLovPicker mandatory fc isList" readonly="readonly">
  (Session info: chrome=140.0.7339.129); For documentation on this error, please visit: https://www.selenium.dev/documentation/webdriver/troubleshooting/errors#elementclickinterceptedexception
Stacktrace:
	GetHandleVerifier [0x0x9bc333+65459]
	GetHandleVerifier [0x0x9bc374+65524]
	(No symbol) [0x0x7dd973]
	(No symbol) [0x0x82dbc0]
	(No symbol) [0x0x82bf23]
	(No symbol) [0x0x8299c7]
	(No symbol) [0x0x828c66]
	(No symbol) [0x0x81d195]
	(No symbol) [0x0x849dfc]
	(No symbol) [0x0x81cbf4]
	(No symbol) [0x0x849fb4]
	(No symbol) [0x0x86b606]
	(No symbol) [0x0x849bf6]
	(No symbol) [0x0x81b38e]
	(No symbol) [0x0x81c274]
	GetHandleVerifier [0x0xc3eda3+2697763]
	GetHandleVerifier [0x0xc39ec7+2677575]
	GetHandleVerifier [0x0x9e4194+228884]
	GetHandleVerifier [0x0x9d49f8+165496]
	GetHandleVerifier [0x0x9db18d+192013]
	GetHandleVerifier [0x0x9c47d8+99416]
	GetHandleVerifier [0x0x9c4972+99826]
	GetHandleVerifier [0x0x9aebea+10346]
	BaseThreadInitThunk [0x0x755bfcc9+25]
	RtlGetAppContainerNamedObjectPath [0x0x773a82ae+286]
	RtlGetAppContainerNamedObjectPath [0x0x773a827e+238]

🔄 Salvando formulário digital...
❌ Erro ao salvando formulário digital: Message: element click intercepted: Element <a class="btModel btGray btsave">...</a> is not clickable at point (982, 570). Other element would receive the click: <a class="btModel btGray btcancel">...</a>
  (Session info: chrome=140.0.7339.129); For documentation on this error, please visit: https://www.selenium.dev/documentation/webdriver/troubleshooting/errors#elementclickinterceptedexception
Stacktrace:
	GetHandleVerifier [0x0x9bc333+65459]
	GetHandleVerifier [0x0x9bc374+65524]
	(No symbol) [0x0x7dd973]
	(No symbol) [0x0x82dbc0]
	(No symbol) [0x0x82bf23]
	(No symbol) [0x0x8299c7]
	(No symbol) [0x0x828c66]
	(No symbol) [0x0x81d195]
	(No symbol) [0x0x849dfc]
	(No symbol) [0x0x81cbf4]
	(No symbol) [0x0x849fb4]
	(No symbol) [0x0x86b606]
	(No symbol) [0x0x849bf6]
	(No symbol) [0x0x81b38e]
	(No symbol) [0x0x81c274]
	GetHandleVerifier [0x0xc3eda3+2697763]
	GetHandleVerifier [0x0xc39ec7+2677575]
	GetHandleVerifier [0x0x9e4194+228884]
	GetHandleVerifier [0x0x9d49f8+165496]
	GetHandleVerifier [0x0x9db18d+192013]
	GetHandleVerifier [0x0x9c47d8+99416]
	GetHandleVerifier [0x0x9c4972+99826]
	GetHandleVerifier [0x0x9aebea+10346]
	BaseThreadInitThunk [0x0x755bfcc9+25]
	RtlGetAppContainerNamedObjectPath [0x0x773a82ae+286]
	RtlGetAppContainerNamedObjectPath [0x0x773a827e+238]

ℹ️ Nenhuma mensagem de alerta encontrada.
🔄 Fechando modal após salvamento...
❌ Erro ao fechando modal após salvamento: Message: element click intercepted: Element <a class="sprites sp-close">...</a> is not clickable at point (1025, 78). Other element would receive the click: <h2>...</h2>
  (Session info: chrome=140.0.7339.129); For documentation on this error, please visit: https://www.selenium.dev/documentation/webdriver/troubleshooting/errors#elementclickinterceptedexception
Stacktrace:
	GetHandleVerifier [0x0x9bc333+65459]
	GetHandleVerifier [0x0x9bc374+65524]
	(No symbol) [0x0x7dd973]
	(No symbol) [0x0x82dbc0]
	(No symbol) [0x0x82bf23]
	(No symbol) [0x0x8299c7]
	(No symbol) [0x0x828c66]
	(No symbol) [0x0x81d195]
	(No symbol) [0x0x849dfc]
	(No symbol) [0x0x81cbf4]
	(No symbol) [0x0x849fb4]
	(No symbol) [0x0x86b606]
	(No symbol) [0x0x849bf6]
	(No symbol) [0x0x81b38e]
	(No symbol) [0x0x81c274]
	GetHandleVerifier [0x0xc3eda3+2697763]
	GetHandleVerifier [0x0xc39ec7+2677575]
	GetHandleVerifier [0x0x9e4194+228884]
	GetHandleVerifier [0x0x9d49f8+165496]
	GetHandleVerifier [0x0x9db18d+192013]
	GetHandleVerifier [0x0x9c47d8+99416]
	GetHandleVerifier [0x0x9c4972+99826]
	GetHandleVerifier [0x0x9aebea+10346]
	BaseThreadInitThunk [0x0x755bfcc9+25]
	RtlGetAppContainerNamedObjectPath [0x0x773a82ae+286]
	RtlGetAppContainerNamedObjectPath [0x0x773a827e+238]

✅ Teste concluído com sucesso.
📄 Relatório salvo como: relatorio_formulario_digital_cenario_4_20250926_125658.docx
