🔄 Acessando sistema...
✅ Acessando sistema realizada com sucesso.
🔄 Realizando login...
✅ Realizando login realizada com sucesso.
🔄 Esperando sistema carregar e ajustando zoom...
🔍 Zoom ajustado para 90%.
✅ Esperando sistema carregar e ajustando zoom realizada com sucesso.
🔄 Abrindo menu PET - Espécies...
✅ Abrindo menu PET - Espécies realizada com sucesso.
🔄 Clicando em Cadastrar...
✅ Clicando em Cadastrar realizada com sucesso.
🔄 Salvando cadastro...
❌ Erro ao salvando cadastro: Message: no such element: Unable to locate element: {"method":"css selector","selector":"#fmod_200004 > div.wdTelas > div.telaCadastro.clearfix > div.btnHolder > a.btModel.btGray.btsave"}
  (Session info: chrome=140.0.7339.208); For documentation on this error, please visit: https://www.selenium.dev/documentation/webdriver/troubleshooting/errors#nosuchelementexception
Stacktrace:
	GetHandleVerifier [0x0x10fc333+65459]
	GetHandleVerifier [0x0x10fc374+65524]
	(No symbol) [0x0xf1d973]
	(No symbol) [0x0xf676e7]
	(No symbol) [0x0xf67a8b]
	(No symbol) [0x0xfadea2]
	(No symbol) [0x0xf89e44]
	(No symbol) [0x0xfab606]
	(No symbol) [0x0xf89bf6]
	(No symbol) [0x0xf5b38e]
	(No symbol) [0x0xf5c274]
	GetHandleVerifier [0x0x137eda3+2697763]
	GetHandleVerifier [0x0x1379ec7+2677575]
	GetHandleVerifier [0x0x1124194+228884]
	GetHandleVerifier [0x0x11149f8+165496]
	GetHandleVerifier [0x0x111b18d+192013]
	GetHandleVerifier [0x0x11047d8+99416]
	GetHandleVerifier [0x0x1104972+99826]
	GetHandleVerifier [0x0x10eebea+10346]
	BaseThreadInitThunk [0x0x755bfcc9+25]
	RtlGetAppContainerNamedObjectPath [0x0x773a82ae+286]
	RtlGetAppContainerNamedObjectPath [0x0x773a827e+238]

🔄 Fechando modal após salvamento...
✅ Fechando modal após salvamento realizada com sucesso.
ℹ️ Nenhuma mensagem de alerta encontrada.
✅ Teste concluído com sucesso.
📄 Relatório salvo como: relatorio_pet_especies_cenario_3_20251002_165151.docx
