🔄 Acessando sistema...
✅ Acessando sistema realizada com sucesso.
🔄 Realizando login...
✅ Realizando login realizada com sucesso.
🔄 Ajustando zoom...
🔍 Zoom ajustado para 90%.
✅ Ajustando zoom realizada com sucesso.
🔄 Abrindo menu Movimentação Bancária...
✅ Abrindo menu Movimentação Bancária realizada com sucesso.
🔄 Clicando em Cadastrar...
✅ Clicando em Cadastrar realizada com sucesso.
🔄 Preenchendo Data de Lançamento...
✅ Preenchendo Data de Lançamento realizada com sucesso.
🔄 Selecionando Tipo Lançamento...
✅ Selecionando Tipo Lançamento realizada com sucesso.
🔄 Selecionando Conta Bancária...
✅ Selecionando Conta Bancária realizada com sucesso.
🔄 Preenchendo Valor...
✅ Preenchendo Valor realizada com sucesso.
🔄 Selecionando Conta Débito...
✅ Selecionando Conta Débito realizada com sucesso.
🔄 Selecionando Centro de Custo...
❌ Erro ao selecionando centro de custo: Message: 
Stacktrace:
	GetHandleVerifier [0x0x10fc333+65459]
	GetHandleVerifier [0x0x10fc374+65524]
	(No symbol) [0x0xf1d973]
	(No symbol) [0x0xf676e7]
	(No symbol) [0x0xf67a8b]
	(No symbol) [0x0xfadea2]
	(No symbol) [0x0xf89e44]
	(No symbol) [0x0xfab606]
	(No symbol) [0x0xf89bf6]
	(No symbol) [0x0xf5b38e]
	(No symbol) [0x0xf5c274]
	GetHandleVerifier [0x0x137eda3+2697763]
	GetHandleVerifier [0x0x1379ec7+2677575]
	GetHandleVerifier [0x0x1124194+228884]
	GetHandleVerifier [0x0x11149f8+165496]
	GetHandleVerifier [0x0x111b18d+192013]
	GetHandleVerifier [0x0x11047d8+99416]
	GetHandleVerifier [0x0x1104972+99826]
	GetHandleVerifier [0x0x10eebea+10346]
	BaseThreadInitThunk [0x0x755bfcc9+25]
	RtlGetAppContainerNamedObjectPath [0x0x773a82ae+286]
	RtlGetAppContainerNamedObjectPath [0x0x773a827e+238]

🔄 Selecionando Conta Crédito...
❌ Erro ao selecionando conta crédito: Message: element click intercepted: Element <a class="sprites sp-openLov"></a> is not clickable at point (572, 312). Other element would receive the click: <div class="modal overflow" style="z-index: 10002; left: 50%; top: 50%; width: 800px; height: 570px; margin-left: -400px; margin-top: -285px;">...</div>
  (Session info: chrome=140.0.7339.208); For documentation on this error, please visit: https://www.selenium.dev/documentation/webdriver/troubleshooting/errors#elementclickinterceptedexception
Stacktrace:
	GetHandleVerifier [0x0x10fc333+65459]
	GetHandleVerifier [0x0x10fc374+65524]
	(No symbol) [0x0xf1d973]
	(No symbol) [0x0xf6dbc0]
	(No symbol) [0x0xf6bf23]
	(No symbol) [0x0xf699c7]
	(No symbol) [0x0xf68c66]
	(No symbol) [0x0xf5d195]
	(No symbol) [0x0xf89dfc]
	(No symbol) [0x0xf5cbf4]
	(No symbol) [0x0xf89fb4]
	(No symbol) [0x0xfab606]
	(No symbol) [0x0xf89bf6]
	(No symbol) [0x0xf5b38e]
	(No symbol) [0x0xf5c274]
	GetHandleVerifier [0x0x137eda3+2697763]
	GetHandleVerifier [0x0x1379ec7+2677575]
	GetHandleVerifier [0x0x1124194+228884]
	GetHandleVerifier [0x0x11149f8+165496]
	GetHandleVerifier [0x0x111b18d+192013]
	GetHandleVerifier [0x0x11047d8+99416]
	GetHandleVerifier [0x0x1104972+99826]
	GetHandleVerifier [0x0x10eebea+10346]
	BaseThreadInitThunk [0x0x755bfcc9+25]
	RtlGetAppContainerNamedObjectPath [0x0x773a82ae+286]
	RtlGetAppContainerNamedObjectPath [0x0x773a827e+238]

🔄 Selecionando Histórico Padrão...
❌ Erro ao selecionando histórico padrão: Message: element click intercepted: Element <a class="sprites sp-openLov"></a> is not clickable at point (572, 361). Other element would receive the click: <div class="modal overflow" style="z-index: 10002; left: 50%; top: 50%; width: 800px; height: 570px; margin-left: -400px; margin-top: -285px;">...</div>
  (Session info: chrome=140.0.7339.208); For documentation on this error, please visit: https://www.selenium.dev/documentation/webdriver/troubleshooting/errors#elementclickinterceptedexception
Stacktrace:
	GetHandleVerifier [0x0x10fc333+65459]
	GetHandleVerifier [0x0x10fc374+65524]
	(No symbol) [0x0xf1d973]
	(No symbol) [0x0xf6dbc0]
	(No symbol) [0x0xf6bf23]
	(No symbol) [0x0xf699c7]
	(No symbol) [0x0xf68c66]
	(No symbol) [0x0xf5d195]
	(No symbol) [0x0xf89dfc]
	(No symbol) [0x0xf5cbf4]
	(No symbol) [0x0xf89fb4]
	(No symbol) [0x0xfab606]
	(No symbol) [0x0xf89bf6]
	(No symbol) [0x0xf5b38e]
	(No symbol) [0x0xf5c274]
	GetHandleVerifier [0x0x137eda3+2697763]
	GetHandleVerifier [0x0x1379ec7+2677575]
	GetHandleVerifier [0x0x1124194+228884]
	GetHandleVerifier [0x0x11149f8+165496]
	GetHandleVerifier [0x0x111b18d+192013]
	GetHandleVerifier [0x0x11047d8+99416]
	GetHandleVerifier [0x0x1104972+99826]
	GetHandleVerifier [0x0x10eebea+10346]
	BaseThreadInitThunk [0x0x755bfcc9+25]
	RtlGetAppContainerNamedObjectPath [0x0x773a82ae+286]
	RtlGetAppContainerNamedObjectPath [0x0x773a827e+238]

🔄 Preenchendo Complemento...
❌ Erro ao preenchendo complemento: Message: element click intercepted: Element <input type="text" ref="14" class="fc" maxlength="180" style="width: 260px;"> is not clickable at point (882, 363). Other element would receive the click: <div class="modal overflow" style="z-index: 10002; left: 50%; top: 50%; width: 800px; height: 570px; margin-left: -400px; margin-top: -285px;">...</div>
  (Session info: chrome=140.0.7339.208); For documentation on this error, please visit: https://www.selenium.dev/documentation/webdriver/troubleshooting/errors#elementclickinterceptedexception
Stacktrace:
	GetHandleVerifier [0x0x10fc333+65459]
	GetHandleVerifier [0x0x10fc374+65524]
	(No symbol) [0x0xf1d973]
	(No symbol) [0x0xf6dbc0]
	(No symbol) [0x0xf6bf23]
	(No symbol) [0x0xf699c7]
	(No symbol) [0x0xf68c66]
	(No symbol) [0x0xf5d195]
	(No symbol) [0x0xf89dfc]
	(No symbol) [0x0xf5cbf4]
	(No symbol) [0x0xf89fb4]
	(No symbol) [0x0xfab606]
	(No symbol) [0x0xf89bf6]
	(No symbol) [0x0xf5b38e]
	(No symbol) [0x0xf5c274]
	GetHandleVerifier [0x0x137eda3+2697763]
	GetHandleVerifier [0x0x1379ec7+2677575]
	GetHandleVerifier [0x0x1124194+228884]
	GetHandleVerifier [0x0x11149f8+165496]
	GetHandleVerifier [0x0x111b18d+192013]
	GetHandleVerifier [0x0x11047d8+99416]
	GetHandleVerifier [0x0x1104972+99826]
	GetHandleVerifier [0x0x10eebea+10346]
	BaseThreadInitThunk [0x0x755bfcc9+25]
	RtlGetAppContainerNamedObjectPath [0x0x773a82ae+286]
	RtlGetAppContainerNamedObjectPath [0x0x773a827e+238]

🔄 Preenchendo Número do Documento...
❌ Erro ao preenchendo número do documento: Message: element click intercepted: Element <input type="text" ref="10028" class="fc" maxlength="25" style="width: 175px;"> is not clickable at point (580, 499). Other element would receive the click: <div class="modal overflow" style="z-index: 10002; left: 50%; top: 50%; width: 800px; height: 570px; margin-left: -400px; margin-top: -285px;">...</div>
  (Session info: chrome=140.0.7339.208); For documentation on this error, please visit: https://www.selenium.dev/documentation/webdriver/troubleshooting/errors#elementclickinterceptedexception
Stacktrace:
	GetHandleVerifier [0x0x10fc333+65459]
	GetHandleVerifier [0x0x10fc374+65524]
	(No symbol) [0x0xf1d973]
	(No symbol) [0x0xf6dbc0]
	(No symbol) [0x0xf6bf23]
	(No symbol) [0x0xf699c7]
	(No symbol) [0x0xf68c66]
	(No symbol) [0x0xf5d195]
	(No symbol) [0x0xf89dfc]
	(No symbol) [0x0xf5cbf4]
	(No symbol) [0x0xf89fb4]
	(No symbol) [0x0xfab606]
	(No symbol) [0x0xf89bf6]
	(No symbol) [0x0xf5b38e]
	(No symbol) [0x0xf5c274]
	GetHandleVerifier [0x0x137eda3+2697763]
	GetHandleVerifier [0x0x1379ec7+2677575]
	GetHandleVerifier [0x0x1124194+228884]
	GetHandleVerifier [0x0x11149f8+165496]
	GetHandleVerifier [0x0x111b18d+192013]
	GetHandleVerifier [0x0x11047d8+99416]
	GetHandleVerifier [0x0x1104972+99826]
	GetHandleVerifier [0x0x10eebea+10346]
	BaseThreadInitThunk [0x0x755bfcc9+25]
	RtlGetAppContainerNamedObjectPath [0x0x773a82ae+286]
	RtlGetAppContainerNamedObjectPath [0x0x773a827e+238]

🔄 Preenchendo Observação...
❌ Erro ao preenchendo observação: Message: element click intercepted: Element <input type="text" ref="28" class="fc" maxlength="255" style="width: 260px;"> is not clickable at point (806, 499). Other element would receive the click: <div class="modal overflow" style="z-index: 10002; left: 50%; top: 50%; width: 800px; height: 570px; margin-left: -400px; margin-top: -285px;">...</div>
  (Session info: chrome=140.0.7339.208); For documentation on this error, please visit: https://www.selenium.dev/documentation/webdriver/troubleshooting/errors#elementclickinterceptedexception
Stacktrace:
	GetHandleVerifier [0x0x10fc333+65459]
	GetHandleVerifier [0x0x10fc374+65524]
	(No symbol) [0x0xf1d973]
	(No symbol) [0x0xf6dbc0]
	(No symbol) [0x0xf6bf23]
	(No symbol) [0x0xf699c7]
	(No symbol) [0x0xf68c66]
	(No symbol) [0x0xf5d195]
	(No symbol) [0x0xf89dfc]
	(No symbol) [0x0xf5cbf4]
	(No symbol) [0x0xf89fb4]
	(No symbol) [0x0xfab606]
	(No symbol) [0x0xf89bf6]
	(No symbol) [0x0xf5b38e]
	(No symbol) [0x0xf5c274]
	GetHandleVerifier [0x0x137eda3+2697763]
	GetHandleVerifier [0x0x1379ec7+2677575]
	GetHandleVerifier [0x0x1124194+228884]
	GetHandleVerifier [0x0x11149f8+165496]
	GetHandleVerifier [0x0x111b18d+192013]
	GetHandleVerifier [0x0x11047d8+99416]
	GetHandleVerifier [0x0x1104972+99826]
	GetHandleVerifier [0x0x10eebea+10346]
	BaseThreadInitThunk [0x0x755bfcc9+25]
	RtlGetAppContainerNamedObjectPath [0x0x773a82ae+286]
	RtlGetAppContainerNamedObjectPath [0x0x773a827e+238]

🔄 Selecionando Fornecedor...
❌ Erro ao selecionando fornecedor: Message: element click intercepted: Element <a class="sprites sp-openLov"></a> is not clickable at point (675, 535). Other element would receive the click: <div class="modal overflow" style="z-index: 10002; left: 50%; top: 50%; width: 800px; height: 570px; margin-left: -400px; margin-top: -285px;">...</div>
  (Session info: chrome=140.0.7339.208); For documentation on this error, please visit: https://www.selenium.dev/documentation/webdriver/troubleshooting/errors#elementclickinterceptedexception
Stacktrace:
	GetHandleVerifier [0x0x10fc333+65459]
	GetHandleVerifier [0x0x10fc374+65524]
	(No symbol) [0x0xf1d973]
	(No symbol) [0x0xf6dbc0]
	(No symbol) [0x0xf6bf23]
	(No symbol) [0x0xf699c7]
	(No symbol) [0x0xf68c66]
	(No symbol) [0x0xf5d195]
	(No symbol) [0x0xf89dfc]
	(No symbol) [0x0xf5cbf4]
	(No symbol) [0x0xf89fb4]
	(No symbol) [0x0xfab606]
	(No symbol) [0x0xf89bf6]
	(No symbol) [0x0xf5b38e]
	(No symbol) [0x0xf5c274]
	GetHandleVerifier [0x0x137eda3+2697763]
	GetHandleVerifier [0x0x1379ec7+2677575]
	GetHandleVerifier [0x0x1124194+228884]
	GetHandleVerifier [0x0x11149f8+165496]
	GetHandleVerifier [0x0x111b18d+192013]
	GetHandleVerifier [0x0x11047d8+99416]
	GetHandleVerifier [0x0x1104972+99826]
	GetHandleVerifier [0x0x10eebea+10346]
	BaseThreadInitThunk [0x0x755bfcc9+25]
	RtlGetAppContainerNamedObjectPath [0x0x773a82ae+286]
	RtlGetAppContainerNamedObjectPath [0x0x773a827e+238]

🔄 Preenchendo Parcela...
❌ Erro ao preenchendo parcela: Message: element click intercepted: Element <input type="text" ref="10029" class="fc" maxlength="3" style="width: 90px; text-align: right;"> is not clickable at point (752, 427). Other element would receive the click: <div class="modal overflow" style="z-index: 10002; left: 50%; top: 50%; width: 800px; height: 570px; margin-left: -400px; margin-top: -285px;">...</div>
  (Session info: chrome=140.0.7339.208); For documentation on this error, please visit: https://www.selenium.dev/documentation/webdriver/troubleshooting/errors#elementclickinterceptedexception
Stacktrace:
	GetHandleVerifier [0x0x10fc333+65459]
	GetHandleVerifier [0x0x10fc374+65524]
	(No symbol) [0x0xf1d973]
	(No symbol) [0x0xf6dbc0]
	(No symbol) [0x0xf6bf23]
	(No symbol) [0x0xf699c7]
	(No symbol) [0x0xf68c66]
	(No symbol) [0x0xf5d195]
	(No symbol) [0x0xf89dfc]
	(No symbol) [0x0xf5cbf4]
	(No symbol) [0x0xf89fb4]
	(No symbol) [0x0xfab606]
	(No symbol) [0x0xf89bf6]
	(No symbol) [0x0xf5b38e]
	(No symbol) [0x0xf5c274]
	GetHandleVerifier [0x0x137eda3+2697763]
	GetHandleVerifier [0x0x1379ec7+2677575]
	GetHandleVerifier [0x0x1124194+228884]
	GetHandleVerifier [0x0x11149f8+165496]
	GetHandleVerifier [0x0x111b18d+192013]
	GetHandleVerifier [0x0x11047d8+99416]
	GetHandleVerifier [0x0x1104972+99826]
	GetHandleVerifier [0x0x10eebea+10346]
	BaseThreadInitThunk [0x0x755bfcc9+25]
	RtlGetAppContainerNamedObjectPath [0x0x773a82ae+286]
	RtlGetAppContainerNamedObjectPath [0x0x773a827e+238]

🔄 Preenchendo Número do Cheque...
✅ Preenchendo Número do Cheque realizada com sucesso.
🔄 Preenchendo Data Pré...
❌ Erro ao preenchendo data pré: Message: element click intercepted: Element <input type="text" grupo="10013" maxlength="10" id="dp1759432011583" class="hasDatepicker fc" ref="10031" style="width: 90px;"> is not clickable at point (543, 379). Other element would receive the click: <div class="modal overflow" style="z-index: 10002; left: 50%; top: 50%; width: 800px; height: 570px; margin-left: -400px; margin-top: -285px;">...</div>
  (Session info: chrome=140.0.7339.208); For documentation on this error, please visit: https://www.selenium.dev/documentation/webdriver/troubleshooting/errors#elementclickinterceptedexception
Stacktrace:
	GetHandleVerifier [0x0x10fc333+65459]
	GetHandleVerifier [0x0x10fc374+65524]
	(No symbol) [0x0xf1d973]
	(No symbol) [0x0xf6dbc0]
	(No symbol) [0x0xf6bf23]
	(No symbol) [0x0xf699c7]
	(No symbol) [0x0xf68c66]
	(No symbol) [0x0xf5d195]
	(No symbol) [0x0xf89dfc]
	(No symbol) [0x0xf5cbf4]
	(No symbol) [0x0xf89fb4]
	(No symbol) [0x0xfab606]
	(No symbol) [0x0xf89bf6]
	(No symbol) [0x0xf5b38e]
	(No symbol) [0x0xf5c274]
	GetHandleVerifier [0x0x137eda3+2697763]
	GetHandleVerifier [0x0x1379ec7+2677575]
	GetHandleVerifier [0x0x1124194+228884]
	GetHandleVerifier [0x0x11149f8+165496]
	GetHandleVerifier [0x0x111b18d+192013]
	GetHandleVerifier [0x0x11047d8+99416]
	GetHandleVerifier [0x0x1104972+99826]
	GetHandleVerifier [0x0x10eebea+10346]
	BaseThreadInitThunk [0x0x755bfcc9+25]
	RtlGetAppContainerNamedObjectPath [0x0x773a82ae+286]
	RtlGetAppContainerNamedObjectPath [0x0x773a827e+238]

🔄 Clicando em Salvar...
❌ Erro ao clicando em salvar: Message: element click intercepted: Element <a class="btModel btGray btsave">...</a> is not clickable at point (982, 522). Other element would receive the click: <div class="modal overflow" style="z-index: 10002; left: 50%; top: 50%; width: 800px; height: 570px; margin-left: -400px; margin-top: -285px;">...</div>
  (Session info: chrome=140.0.7339.208); For documentation on this error, please visit: https://www.selenium.dev/documentation/webdriver/troubleshooting/errors#elementclickinterceptedexception
Stacktrace:
	GetHandleVerifier [0x0x10fc333+65459]
	GetHandleVerifier [0x0x10fc374+65524]
	(No symbol) [0x0xf1d973]
	(No symbol) [0x0xf6dbc0]
	(No symbol) [0x0xf6bf23]
	(No symbol) [0x0xf699c7]
	(No symbol) [0x0xf68c66]
	(No symbol) [0x0xf5d195]
	(No symbol) [0x0xf89dfc]
	(No symbol) [0x0xf5cbf4]
	(No symbol) [0x0xf89fb4]
	(No symbol) [0x0xfab606]
	(No symbol) [0x0xf89bf6]
	(No symbol) [0x0xf5b38e]
	(No symbol) [0x0xf5c274]
	GetHandleVerifier [0x0x137eda3+2697763]
	GetHandleVerifier [0x0x1379ec7+2677575]
	GetHandleVerifier [0x0x1124194+228884]
	GetHandleVerifier [0x0x11149f8+165496]
	GetHandleVerifier [0x0x111b18d+192013]
	GetHandleVerifier [0x0x11047d8+99416]
	GetHandleVerifier [0x0x1104972+99826]
	GetHandleVerifier [0x0x10eebea+10346]
	BaseThreadInitThunk [0x0x755bfcc9+25]
	RtlGetAppContainerNamedObjectPath [0x0x773a82ae+286]
	RtlGetAppContainerNamedObjectPath [0x0x773a827e+238]

ℹ️ Nenhuma mensagem de alerta encontrada.
🔄 Fechando modal...
❌ Erro ao fechando modal: Message: element click intercepted: Element <a class="sprites sp-close">...</a> is not clickable at point (1025, 28). Other element would receive the click: <div class="blockScreen" style="height: 589px; z-index: 10001; opacity: 0.5;"></div>
  (Session info: chrome=140.0.7339.208); For documentation on this error, please visit: https://www.selenium.dev/documentation/webdriver/troubleshooting/errors#elementclickinterceptedexception
Stacktrace:
	GetHandleVerifier [0x0x10fc333+65459]
	GetHandleVerifier [0x0x10fc374+65524]
	(No symbol) [0x0xf1d973]
	(No symbol) [0x0xf6dbc0]
	(No symbol) [0x0xf6bf23]
	(No symbol) [0x0xf699c7]
	(No symbol) [0x0xf68c66]
	(No symbol) [0x0xf5d195]
	(No symbol) [0x0xf89dfc]
	(No symbol) [0x0xf5cbf4]
	(No symbol) [0x0xf89fb4]
	(No symbol) [0x0xfab606]
	(No symbol) [0x0xf89bf6]
	(No symbol) [0x0xf5b38e]
	(No symbol) [0x0xf5c274]
	GetHandleVerifier [0x0x137eda3+2697763]
	GetHandleVerifier [0x0x1379ec7+2677575]
	GetHandleVerifier [0x0x1124194+228884]
	GetHandleVerifier [0x0x11149f8+165496]
	GetHandleVerifier [0x0x111b18d+192013]
	GetHandleVerifier [0x0x11047d8+99416]
	GetHandleVerifier [0x0x1104972+99826]
	GetHandleVerifier [0x0x10eebea+10346]
	BaseThreadInitThunk [0x0x755bfcc9+25]
	RtlGetAppContainerNamedObjectPath [0x0x773a82ae+286]
	RtlGetAppContainerNamedObjectPath [0x0x773a827e+238]

ℹ️ Nenhuma mensagem de alerta encontrada.
✅ Teste concluído com sucesso.
📄 Relatório salvo como: relatorio_movimentacao_bancaria_cenario_1_20251002_160740.docx
