🔄 Acessando sistema...
✅ Acessando sistema realizada com sucesso.
🔄 Realizando login...
✅ Realizando login realizada com sucesso.
🔄 Aguardando sistema carregar...
✅ Aguardando sistema carregar realizada com sucesso.
🔍 Zoom ajustado para 90%.
🔄 Abrindo menu Vínculo Convênio/Conveniado...
✅ Abrindo menu Vínculo Convênio/Conveniado realizada com sucesso.
🔄 Clicando em Cadastrar...
✅ Clicando em Cadastrar realizada com sucesso.
🔄 Abrindo LOV Convênio...
✅ Abrindo LOV Convênio realizada com sucesso.
🔄 Pesquisando Convênio...
✅ Pesquisando Convênio realizada com sucesso.
🔄 Selecionando Convênio...
✅ CLICK na primeira linha do convênio
✅ Selecionando Convênio realizada com sucesso.
🔄 Abrindo LOV Conveniado...
✅ Abrindo LOV Conveniado realizada com sucesso.
🔄 Pesquisando Conveniado...
✅ Pesquisando Conveniado realizada com sucesso.
🔄 Selecionando Conveniado...
❌ Erro ao selecionar item da tabela conveniado: Message: 

✅ Selecionando Conveniado realizada com sucesso.
🔄 Abrindo LOV Especialidade...
✅ Abrindo LOV Especialidade realizada com sucesso.
🔄 Pesquisando Especialidade...
✅ Pesquisando Especialidade realizada com sucesso.
Erro ao tirar screenshot: Message: invalid session id: session deleted as the browser has closed the connection
from disconnected: not connected to DevTools
  (Session info: chrome=140.0.7339.129); For documentation on this error, please visit: https://www.selenium.dev/documentation/webdriver/troubleshooting/errors#invalidsessionidexception
Stacktrace:
	GetHandleVerifier [0x0xc7c333+65459]
	GetHandleVerifier [0x0xc7c374+65524]
	(No symbol) [0x0xa9d973]
	(No symbol) [0x0xa8cdf0]
	(No symbol) [0x0xaab4af]
	(No symbol) [0x0xb10775]
	(No symbol) [0x0xb2aef9]
	(No symbol) [0x0xb09bf6]
	(No symbol) [0x0xadb38e]
	(No symbol) [0x0xadc274]
	GetHandleVerifier [0x0xefeda3+2697763]
	GetHandleVerifier [0x0xef9ec7+2677575]
	GetHandleVerifier [0x0xca4194+228884]
	GetHandleVerifier [0x0xc949f8+165496]
	GetHandleVerifier [0x0xc9b18d+192013]
	GetHandleVerifier [0x0xc847d8+99416]
	GetHandleVerifier [0x0xc84972+99826]
	GetHandleVerifier [0x0xc6ebea+10346]
	BaseThreadInitThunk [0x0x7728fcc9+25]
	RtlGetAppContainerNamedObjectPath [0x0x77e782ae+286]
	RtlGetAppContainerNamedObjectPath [0x0x77e7827e+238]

🔄 Selecionando Especialidade...
❌ Erro ao selecionar item da tabela especialidade: Message: invalid session id; For documentation on this error, please visit: https://www.selenium.dev/documentation/webdriver/troubleshooting/errors#invalidsessionidexception
Stacktrace:
	GetHandleVerifier [0x0xc7c333+65459]
	GetHandleVerifier [0x0xc7c374+65524]
	(No symbol) [0x0xa9d7c0]
	(No symbol) [0x0xada663]
	(No symbol) [0x0xb09cb6]
	(No symbol) [0x0xb0555e]
	(No symbol) [0x0xb04ad3]
	(No symbol) [0x0xa6e73d]
	(No symbol) [0x0xa6ecbe]
	(No symbol) [0x0xa6f15d]
	GetHandleVerifier [0x0xefeda3+2697763]
	GetHandleVerifier [0x0xef9ec7+2677575]
	GetHandleVerifier [0x0xca4194+228884]
	GetHandleVerifier [0x0xc949f8+165496]
	GetHandleVerifier [0x0xc9b18d+192013]
	(No symbol) [0x0xa6e3f2]
	(No symbol) [0x0xa6db72]
	GetHandleVerifier [0x0x105340c+4092044]
	BaseThreadInitThunk [0x0x7728fcc9+25]
	RtlGetAppContainerNamedObjectPath [0x0x77e782ae+286]
	RtlGetAppContainerNamedObjectPath [0x0x77e7827e+238]

✅ Selecionando Especialidade realizada com sucesso.
Erro ao tirar screenshot: Message: invalid session id; For documentation on this error, please visit: https://www.selenium.dev/documentation/webdriver/troubleshooting/errors#invalidsessionidexception
Stacktrace:
	GetHandleVerifier [0x0xc7c333+65459]
	GetHandleVerifier [0x0xc7c374+65524]
	(No symbol) [0x0xa9d7c0]
	(No symbol) [0x0xada663]
	(No symbol) [0x0xb09cb6]
	(No symbol) [0x0xb0555e]
	(No symbol) [0x0xb04ad3]
	(No symbol) [0x0xa6e73d]
	(No symbol) [0x0xa6ecbe]
	(No symbol) [0x0xa6f15d]
	GetHandleVerifier [0x0xefeda3+2697763]
	GetHandleVerifier [0x0xef9ec7+2677575]
	GetHandleVerifier [0x0xca4194+228884]
	GetHandleVerifier [0x0xc949f8+165496]
	GetHandleVerifier [0x0xc9b18d+192013]
	(No symbol) [0x0xa6e3f2]
	(No symbol) [0x0xa6db72]
	GetHandleVerifier [0x0x105340c+4092044]
	BaseThreadInitThunk [0x0x7728fcc9+25]
	RtlGetAppContainerNamedObjectPath [0x0x77e782ae+286]
	RtlGetAppContainerNamedObjectPath [0x0x77e7827e+238]

🔄 Salvando Vínculo...
❌ Erro ao salvando vínculo: Message: invalid session id; For documentation on this error, please visit: https://www.selenium.dev/documentation/webdriver/troubleshooting/errors#invalidsessionidexception
Stacktrace:
	GetHandleVerifier [0x0xc7c333+65459]
	GetHandleVerifier [0x0xc7c374+65524]
	(No symbol) [0x0xa9d7c0]
	(No symbol) [0x0xada663]
	(No symbol) [0x0xb09cb6]
	(No symbol) [0x0xb0555e]
	(No symbol) [0x0xb04ad3]
	(No symbol) [0x0xa6e73d]
	(No symbol) [0x0xa6ecbe]
	(No symbol) [0x0xa6f15d]
	GetHandleVerifier [0x0xefeda3+2697763]
	GetHandleVerifier [0x0xef9ec7+2677575]
	GetHandleVerifier [0x0xca4194+228884]
	GetHandleVerifier [0x0xc949f8+165496]
	GetHandleVerifier [0x0xc9b18d+192013]
	(No symbol) [0x0xa6e3f2]
	(No symbol) [0x0xa6db72]
	GetHandleVerifier [0x0x105340c+4092044]
	BaseThreadInitThunk [0x0x7728fcc9+25]
	RtlGetAppContainerNamedObjectPath [0x0x77e782ae+286]
	RtlGetAppContainerNamedObjectPath [0x0x77e7827e+238]

Erro ao tirar screenshot: Message: invalid session id; For documentation on this error, please visit: https://www.selenium.dev/documentation/webdriver/troubleshooting/errors#invalidsessionidexception
Stacktrace:
	GetHandleVerifier [0x0xc7c333+65459]
	GetHandleVerifier [0x0xc7c374+65524]
	(No symbol) [0x0xa9d7c0]
	(No symbol) [0x0xada663]
	(No symbol) [0x0xb09cb6]
	(No symbol) [0x0xb0555e]
	(No symbol) [0x0xb04ad3]
	(No symbol) [0x0xa6e73d]
	(No symbol) [0x0xa6ecbe]
	(No symbol) [0x0xa6f15d]
	GetHandleVerifier [0x0xefeda3+2697763]
	GetHandleVerifier [0x0xef9ec7+2677575]
	GetHandleVerifier [0x0xca4194+228884]
	GetHandleVerifier [0x0xc949f8+165496]
	GetHandleVerifier [0x0xc9b18d+192013]
	(No symbol) [0x0xa6e3f2]
	(No symbol) [0x0xa6db72]
	GetHandleVerifier [0x0x105340c+4092044]
	BaseThreadInitThunk [0x0x7728fcc9+25]
	RtlGetAppContainerNamedObjectPath [0x0x77e782ae+286]
	RtlGetAppContainerNamedObjectPath [0x0x77e7827e+238]

TENTATIVA 1 de clicar em botão Salvar falhou: Message: invalid session id; For documentation on this error, please visit: https://www.selenium.dev/documentation/webdriver/troubleshooting/errors#invalidsessionidexception
Stacktrace:
	GetHandleVerifier [0x0xc7c333+65459]
	GetHandleVerifier [0x0xc7c374+65524]
	(No symbol) [0x0xa9d7c0]
	(No symbol) [0x0xada663]
	(No symbol) [0x0xb09cb6]
	(No symbol) [0x0xb0555e]
	(No symbol) [0x0xb04ad3]
	(No symbol) [0x0xa6e73d]
	(No symbol) [0x0xa6ecbe]
	(No symbol) [0x0xa6f15d]
	GetHandleVerifier [0x0xefeda3+2697763]
	GetHandleVerifier [0x0xef9ec7+2677575]
	GetHandleVerifier [0x0xca4194+228884]
	GetHandleVerifier [0x0xc949f8+165496]
	GetHandleVerifier [0x0xc9b18d+192013]
	(No symbol) [0x0xa6e3f2]
	(No symbol) [0x0xa6db72]
	GetHandleVerifier [0x0x105340c+4092044]
	BaseThreadInitThunk [0x0x7728fcc9+25]
	RtlGetAppContainerNamedObjectPath [0x0x77e782ae+286]
	RtlGetAppContainerNamedObjectPath [0x0x77e7827e+238]

TENTATIVA 2 de clicar em botão Salvar falhou: Message: invalid session id; For documentation on this error, please visit: https://www.selenium.dev/documentation/webdriver/troubleshooting/errors#invalidsessionidexception
Stacktrace:
	GetHandleVerifier [0x0xc7c333+65459]
	GetHandleVerifier [0x0xc7c374+65524]
	(No symbol) [0x0xa9d7c0]
	(No symbol) [0x0xada663]
	(No symbol) [0x0xb09cb6]
	(No symbol) [0x0xb0555e]
	(No symbol) [0x0xb04ad3]
	(No symbol) [0x0xa6e73d]
	(No symbol) [0x0xa6ecbe]
	(No symbol) [0x0xa6f15d]
	GetHandleVerifier [0x0xefeda3+2697763]
	GetHandleVerifier [0x0xef9ec7+2677575]
	GetHandleVerifier [0x0xca4194+228884]
	GetHandleVerifier [0x0xc949f8+165496]
	GetHandleVerifier [0x0xc9b18d+192013]
	(No symbol) [0x0xa6e3f2]
	(No symbol) [0x0xa6db72]
	GetHandleVerifier [0x0x105340c+4092044]
	BaseThreadInitThunk [0x0x7728fcc9+25]
	RtlGetAppContainerNamedObjectPath [0x0x77e782ae+286]
	RtlGetAppContainerNamedObjectPath [0x0x77e7827e+238]

TENTATIVA 3 de clicar em botão Salvar falhou: Message: invalid session id; For documentation on this error, please visit: https://www.selenium.dev/documentation/webdriver/troubleshooting/errors#invalidsessionidexception
Stacktrace:
	GetHandleVerifier [0x0xc7c333+65459]
	GetHandleVerifier [0x0xc7c374+65524]
	(No symbol) [0x0xa9d7c0]
	(No symbol) [0x0xada663]
	(No symbol) [0x0xb09cb6]
	(No symbol) [0x0xb0555e]
	(No symbol) [0x0xb04ad3]
	(No symbol) [0x0xa6e73d]
	(No symbol) [0x0xa6ecbe]
	(No symbol) [0x0xa6f15d]
	GetHandleVerifier [0x0xefeda3+2697763]
	GetHandleVerifier [0x0xef9ec7+2677575]
	GetHandleVerifier [0x0xca4194+228884]
	GetHandleVerifier [0x0xc949f8+165496]
	GetHandleVerifier [0x0xc9b18d+192013]
	(No symbol) [0x0xa6e3f2]
	(No symbol) [0x0xa6db72]
	GetHandleVerifier [0x0x105340c+4092044]
	BaseThreadInitThunk [0x0x7728fcc9+25]
	RtlGetAppContainerNamedObjectPath [0x0x77e782ae+286]
	RtlGetAppContainerNamedObjectPath [0x0x77e7827e+238]

TENTATIVA 4 de clicar em botão Salvar falhou: Message: invalid session id; For documentation on this error, please visit: https://www.selenium.dev/documentation/webdriver/troubleshooting/errors#invalidsessionidexception
Stacktrace:
	GetHandleVerifier [0x0xc7c333+65459]
	GetHandleVerifier [0x0xc7c374+65524]
	(No symbol) [0x0xa9d7c0]
	(No symbol) [0x0xada663]
	(No symbol) [0x0xb09cb6]
	(No symbol) [0x0xb0555e]
	(No symbol) [0x0xb04ad3]
	(No symbol) [0x0xa6e73d]
	(No symbol) [0x0xa6ecbe]
	(No symbol) [0x0xa6f15d]
	GetHandleVerifier [0x0xefeda3+2697763]
	GetHandleVerifier [0x0xef9ec7+2677575]
	GetHandleVerifier [0x0xca4194+228884]
	GetHandleVerifier [0x0xc949f8+165496]
	GetHandleVerifier [0x0xc9b18d+192013]
	(No symbol) [0x0xa6e3f2]
	(No symbol) [0x0xa6db72]
	GetHandleVerifier [0x0x105340c+4092044]
	BaseThreadInitThunk [0x0x7728fcc9+25]
	RtlGetAppContainerNamedObjectPath [0x0x77e782ae+286]
	RtlGetAppContainerNamedObjectPath [0x0x77e7827e+238]

TENTATIVA 5 de clicar em botão Salvar falhou: Message: invalid session id; For documentation on this error, please visit: https://www.selenium.dev/documentation/webdriver/troubleshooting/errors#invalidsessionidexception
Stacktrace:
	GetHandleVerifier [0x0xc7c333+65459]
	GetHandleVerifier [0x0xc7c374+65524]
	(No symbol) [0x0xa9d7c0]
	(No symbol) [0x0xada663]
	(No symbol) [0x0xb09cb6]
	(No symbol) [0x0xb0555e]
	(No symbol) [0x0xb04ad3]
	(No symbol) [0x0xa6e73d]
	(No symbol) [0x0xa6ecbe]
	(No symbol) [0x0xa6f15d]
	GetHandleVerifier [0x0xefeda3+2697763]
	GetHandleVerifier [0x0xef9ec7+2677575]
	GetHandleVerifier [0x0xca4194+228884]
	GetHandleVerifier [0x0xc949f8+165496]
	GetHandleVerifier [0x0xc9b18d+192013]
	(No symbol) [0x0xa6e3f2]
	(No symbol) [0x0xa6db72]
	GetHandleVerifier [0x0x105340c+4092044]
	BaseThreadInitThunk [0x0x7728fcc9+25]
	RtlGetAppContainerNamedObjectPath [0x0x77e782ae+286]
	RtlGetAppContainerNamedObjectPath [0x0x77e7827e+238]

❌ FALHA TOTAL - Não foi possível clicar em botão Salvar
🔄 Pesquisando após salvar...
❌ Erro ao pesquisando após salvar: Message: invalid session id; For documentation on this error, please visit: https://www.selenium.dev/documentation/webdriver/troubleshooting/errors#invalidsessionidexception
Stacktrace:
	GetHandleVerifier [0x0xc7c333+65459]
	GetHandleVerifier [0x0xc7c374+65524]
	(No symbol) [0x0xa9d7c0]
	(No symbol) [0x0xada663]
	(No symbol) [0x0xb09cb6]
	(No symbol) [0x0xb0555e]
	(No symbol) [0x0xb04ad3]
	(No symbol) [0x0xa6e73d]
	(No symbol) [0x0xa6ecbe]
	(No symbol) [0x0xa6f15d]
	GetHandleVerifier [0x0xefeda3+2697763]
	GetHandleVerifier [0x0xef9ec7+2677575]
	GetHandleVerifier [0x0xca4194+228884]
	GetHandleVerifier [0x0xc949f8+165496]
	GetHandleVerifier [0x0xc9b18d+192013]
	(No symbol) [0x0xa6e3f2]
	(No symbol) [0x0xa6db72]
	GetHandleVerifier [0x0x105340c+4092044]
	BaseThreadInitThunk [0x0x7728fcc9+25]
	RtlGetAppContainerNamedObjectPath [0x0x77e782ae+286]
	RtlGetAppContainerNamedObjectPath [0x0x77e7827e+238]

Erro ao tirar screenshot: Message: invalid session id; For documentation on this error, please visit: https://www.selenium.dev/documentation/webdriver/troubleshooting/errors#invalidsessionidexception
Stacktrace:
	GetHandleVerifier [0x0xc7c333+65459]
	GetHandleVerifier [0x0xc7c374+65524]
	(No symbol) [0x0xa9d7c0]
	(No symbol) [0x0xada663]
	(No symbol) [0x0xb09cb6]
	(No symbol) [0x0xb0555e]
	(No symbol) [0x0xb04ad3]
	(No symbol) [0x0xa6e73d]
	(No symbol) [0x0xa6ecbe]
	(No symbol) [0x0xa6f15d]
	GetHandleVerifier [0x0xefeda3+2697763]
	GetHandleVerifier [0x0xef9ec7+2677575]
	GetHandleVerifier [0x0xca4194+228884]
	GetHandleVerifier [0x0xc949f8+165496]
	GetHandleVerifier [0x0xc9b18d+192013]
	(No symbol) [0x0xa6e3f2]
	(No symbol) [0x0xa6db72]
	GetHandleVerifier [0x0x105340c+4092044]
	BaseThreadInitThunk [0x0x7728fcc9+25]
	RtlGetAppContainerNamedObjectPath [0x0x77e782ae+286]
	RtlGetAppContainerNamedObjectPath [0x0x77e7827e+238]

TENTATIVA 1 de clicar em botão Pesquisar falhou: Message: invalid session id; For documentation on this error, please visit: https://www.selenium.dev/documentation/webdriver/troubleshooting/errors#invalidsessionidexception
Stacktrace:
	GetHandleVerifier [0x0xc7c333+65459]
	GetHandleVerifier [0x0xc7c374+65524]
	(No symbol) [0x0xa9d7c0]
	(No symbol) [0x0xada663]
	(No symbol) [0x0xb09cb6]
	(No symbol) [0x0xb0555e]
	(No symbol) [0x0xb04ad3]
	(No symbol) [0x0xa6e73d]
	(No symbol) [0x0xa6ecbe]
	(No symbol) [0x0xa6f15d]
	GetHandleVerifier [0x0xefeda3+2697763]
	GetHandleVerifier [0x0xef9ec7+2677575]
	GetHandleVerifier [0x0xca4194+228884]
	GetHandleVerifier [0x0xc949f8+165496]
	GetHandleVerifier [0x0xc9b18d+192013]
	(No symbol) [0x0xa6e3f2]
	(No symbol) [0x0xa6db72]
	GetHandleVerifier [0x0x105340c+4092044]
	BaseThreadInitThunk [0x0x7728fcc9+25]
	RtlGetAppContainerNamedObjectPath [0x0x77e782ae+286]
	RtlGetAppContainerNamedObjectPath [0x0x77e7827e+238]

TENTATIVA 2 de clicar em botão Pesquisar falhou: Message: invalid session id; For documentation on this error, please visit: https://www.selenium.dev/documentation/webdriver/troubleshooting/errors#invalidsessionidexception
Stacktrace:
	GetHandleVerifier [0x0xc7c333+65459]
	GetHandleVerifier [0x0xc7c374+65524]
	(No symbol) [0x0xa9d7c0]
	(No symbol) [0x0xada663]
	(No symbol) [0x0xb09cb6]
	(No symbol) [0x0xb0555e]
	(No symbol) [0x0xb04ad3]
	(No symbol) [0x0xa6e73d]
	(No symbol) [0x0xa6ecbe]
	(No symbol) [0x0xa6f15d]
	GetHandleVerifier [0x0xefeda3+2697763]
	GetHandleVerifier [0x0xef9ec7+2677575]
	GetHandleVerifier [0x0xca4194+228884]
	GetHandleVerifier [0x0xc949f8+165496]
	GetHandleVerifier [0x0xc9b18d+192013]
	(No symbol) [0x0xa6e3f2]
	(No symbol) [0x0xa6db72]
	GetHandleVerifier [0x0x105340c+4092044]
	BaseThreadInitThunk [0x0x7728fcc9+25]
	RtlGetAppContainerNamedObjectPath [0x0x77e782ae+286]
	RtlGetAppContainerNamedObjectPath [0x0x77e7827e+238]

TENTATIVA 3 de clicar em botão Pesquisar falhou: Message: invalid session id; For documentation on this error, please visit: https://www.selenium.dev/documentation/webdriver/troubleshooting/errors#invalidsessionidexception
Stacktrace:
	GetHandleVerifier [0x0xc7c333+65459]
	GetHandleVerifier [0x0xc7c374+65524]
	(No symbol) [0x0xa9d7c0]
	(No symbol) [0x0xada663]
	(No symbol) [0x0xb09cb6]
	(No symbol) [0x0xb0555e]
	(No symbol) [0x0xb04ad3]
	(No symbol) [0x0xa6e73d]
	(No symbol) [0x0xa6ecbe]
	(No symbol) [0x0xa6f15d]
	GetHandleVerifier [0x0xefeda3+2697763]
	GetHandleVerifier [0x0xef9ec7+2677575]
	GetHandleVerifier [0x0xca4194+228884]
	GetHandleVerifier [0x0xc949f8+165496]
	GetHandleVerifier [0x0xc9b18d+192013]
	(No symbol) [0x0xa6e3f2]
	(No symbol) [0x0xa6db72]
	GetHandleVerifier [0x0x105340c+4092044]
	BaseThreadInitThunk [0x0x7728fcc9+25]
	RtlGetAppContainerNamedObjectPath [0x0x77e782ae+286]
	RtlGetAppContainerNamedObjectPath [0x0x77e7827e+238]

TENTATIVA 4 de clicar em botão Pesquisar falhou: Message: invalid session id; For documentation on this error, please visit: https://www.selenium.dev/documentation/webdriver/troubleshooting/errors#invalidsessionidexception
Stacktrace:
	GetHandleVerifier [0x0xc7c333+65459]
	GetHandleVerifier [0x0xc7c374+65524]
	(No symbol) [0x0xa9d7c0]
	(No symbol) [0x0xada663]
	(No symbol) [0x0xb09cb6]
	(No symbol) [0x0xb0555e]
	(No symbol) [0x0xb04ad3]
	(No symbol) [0x0xa6e73d]
	(No symbol) [0x0xa6ecbe]
	(No symbol) [0x0xa6f15d]
	GetHandleVerifier [0x0xefeda3+2697763]
	GetHandleVerifier [0x0xef9ec7+2677575]
	GetHandleVerifier [0x0xca4194+228884]
	GetHandleVerifier [0x0xc949f8+165496]
	GetHandleVerifier [0x0xc9b18d+192013]
	(No symbol) [0x0xa6e3f2]
	(No symbol) [0x0xa6db72]
	GetHandleVerifier [0x0x105340c+4092044]
	BaseThreadInitThunk [0x0x7728fcc9+25]
	RtlGetAppContainerNamedObjectPath [0x0x77e782ae+286]
	RtlGetAppContainerNamedObjectPath [0x0x77e7827e+238]

TENTATIVA 5 de clicar em botão Pesquisar falhou: Message: invalid session id; For documentation on this error, please visit: https://www.selenium.dev/documentation/webdriver/troubleshooting/errors#invalidsessionidexception
Stacktrace:
	GetHandleVerifier [0x0xc7c333+65459]
	GetHandleVerifier [0x0xc7c374+65524]
	(No symbol) [0x0xa9d7c0]
	(No symbol) [0x0xada663]
	(No symbol) [0x0xb09cb6]
	(No symbol) [0x0xb0555e]
	(No symbol) [0x0xb04ad3]
	(No symbol) [0x0xa6e73d]
	(No symbol) [0x0xa6ecbe]
	(No symbol) [0x0xa6f15d]
	GetHandleVerifier [0x0xefeda3+2697763]
	GetHandleVerifier [0x0xef9ec7+2677575]
	GetHandleVerifier [0x0xca4194+228884]
	GetHandleVerifier [0x0xc949f8+165496]
	GetHandleVerifier [0x0xc9b18d+192013]
	(No symbol) [0x0xa6e3f2]
	(No symbol) [0x0xa6db72]
	GetHandleVerifier [0x0x105340c+4092044]
	BaseThreadInitThunk [0x0x7728fcc9+25]
	RtlGetAppContainerNamedObjectPath [0x0x77e782ae+286]
	RtlGetAppContainerNamedObjectPath [0x0x77e7827e+238]

❌ FALHA TOTAL - Não foi possível clicar em botão Pesquisar
🔄 Fechando modal final...
❌ Erro ao fechando modal final: Message: invalid session id; For documentation on this error, please visit: https://www.selenium.dev/documentation/webdriver/troubleshooting/errors#invalidsessionidexception
Stacktrace:
	GetHandleVerifier [0x0xc7c333+65459]
	GetHandleVerifier [0x0xc7c374+65524]
	(No symbol) [0x0xa9d7c0]
	(No symbol) [0x0xada663]
	(No symbol) [0x0xb09cb6]
	(No symbol) [0x0xb0555e]
	(No symbol) [0x0xb04ad3]
	(No symbol) [0x0xa6e73d]
	(No symbol) [0x0xa6ecbe]
	(No symbol) [0x0xa6f15d]
	GetHandleVerifier [0x0xefeda3+2697763]
	GetHandleVerifier [0x0xef9ec7+2677575]
	GetHandleVerifier [0x0xca4194+228884]
	GetHandleVerifier [0x0xc949f8+165496]
	GetHandleVerifier [0x0xc9b18d+192013]
	(No symbol) [0x0xa6e3f2]
	(No symbol) [0x0xa6db72]
	GetHandleVerifier [0x0x105340c+4092044]
	BaseThreadInitThunk [0x0x7728fcc9+25]
	RtlGetAppContainerNamedObjectPath [0x0x77e782ae+286]
	RtlGetAppContainerNamedObjectPath [0x0x77e7827e+238]

Erro ao tirar screenshot: Message: invalid session id; For documentation on this error, please visit: https://www.selenium.dev/documentation/webdriver/troubleshooting/errors#invalidsessionidexception
Stacktrace:
	GetHandleVerifier [0x0xc7c333+65459]
	GetHandleVerifier [0x0xc7c374+65524]
	(No symbol) [0x0xa9d7c0]
	(No symbol) [0x0xada663]
	(No symbol) [0x0xb09cb6]
	(No symbol) [0x0xb0555e]
	(No symbol) [0x0xb04ad3]
	(No symbol) [0x0xa6e73d]
	(No symbol) [0x0xa6ecbe]
	(No symbol) [0x0xa6f15d]
	GetHandleVerifier [0x0xefeda3+2697763]
	GetHandleVerifier [0x0xef9ec7+2677575]
	GetHandleVerifier [0x0xca4194+228884]
	GetHandleVerifier [0x0xc949f8+165496]
	GetHandleVerifier [0x0xc9b18d+192013]
	(No symbol) [0x0xa6e3f2]
	(No symbol) [0x0xa6db72]
	GetHandleVerifier [0x0x105340c+4092044]
	BaseThreadInitThunk [0x0x7728fcc9+25]
	RtlGetAppContainerNamedObjectPath [0x0x77e782ae+286]
	RtlGetAppContainerNamedObjectPath [0x0x77e7827e+238]

🔍 Verificando mensagens de alerta...
ℹ️ Nenhuma mensagem de alerta encontrada.
✅ Teste concluído com sucesso.
📄 Relatório salvo como: relatorio_vinculo_convenio_cenario_1_20250925_173541.docx
