沐 Acessando sistema...
笨 Acessando sistema realizada com sucesso.
沐 Realizando login...
笨 Realizando login realizada com sucesso.
沐 Esperando sistema carregar e ajustando zoom...
沐 Zoom ajustado para 90%.
笨 Esperando sistema carregar e ajustando zoom realizada com sucesso.
沐 Abrindo menu Pacotes PET...
笨 Abrindo menu Pacotes PET realizada com sucesso.
沐 Clicando em Cadastrar...
笨 Clicando em Cadastrar realizada com sucesso.
沐 Preenchendo o Nome do Pacote PET...
笨 Preenchendo o Nome do Pacote PET realizada com sucesso.
沐 Preenchendo a Quantidade Mﾃ｡xima de Pets...
笨 Preenchendo a Quantidade Mﾃ｡xima de Pets realizada com sucesso.
沐 Preenchendo a Vigﾃｪncia em Dias...
笨 Preenchendo a Vigﾃｪncia em Dias realizada com sucesso.
沐 Preenchendo a Carﾃｪncia em Dias...
笨 Preenchendo a Carﾃｪncia em Dias realizada com sucesso.
沐 Preenchendo a Taxa Adesﾃ｣o...
笨 Preenchendo a Taxa Adesﾃ｣o realizada com sucesso.
沐 Selecionando o Tipo de Mensalidade Adesﾃ｣o TIPO MENSALIDADE JOﾃグ TESTE...
笨 Selecionando o Tipo de Mensalidade Adesﾃ｣o TIPO MENSALIDADE JOﾃグ TESTE realizada com sucesso.
沐 Preenchendo a Taxa Mensal...
笨 Preenchendo a Taxa Mensal realizada com sucesso.
沐 Preenchendo a Taxa Bimestral...
笨 Preenchendo a Taxa Bimestral realizada com sucesso.
沐 Preenchendo a Taxa Trimestral...
笨 Preenchendo a Taxa Trimestral realizada com sucesso.
沐 Preenchendo a Taxa Quadrimestral...
笨 Preenchendo a Taxa Quadrimestral realizada com sucesso.
沐 Preenchendo a Taxa Semestral...
笨 Preenchendo a Taxa Semestral realizada com sucesso.
沐 Preenchendo a Taxa Anual...
笨 Preenchendo a Taxa Anual realizada com sucesso.
沐 Selecionando Tipo de Mensalidade Manutenﾃｧﾃ｣o...
笨 Selecionando Tipo de Mensalidade Manutenﾃｧﾃ｣o realizada com sucesso.
沐 Acessando aba Produtos...
笨 Acessando aba Produtos realizada com sucesso.
沐 Selecionando o Produto PRUDUTO TESTE JOﾃグ...
笨 Selecionando o Produto PRUDUTO TESTE JOﾃグ realizada com sucesso.
沐 Preenchendo a quantidade do produto...
笨 Preenchendo a quantidade do produto realizada com sucesso.
沐 Adicionando Produto...
笨 Adicionando Produto realizada com sucesso.
沐 Acessando aba Serviﾃｧos...
笨 Acessando aba Serviﾃｧos realizada com sucesso.
沐 Selecionando o Serviﾃｧo SERVIﾃO PET TESTE SELENIUM...
笨 Selecionando o Serviﾃｧo SERVIﾃO PET TESTE SELENIUM realizada com sucesso.
沐 Adicionando Serviﾃｧo...
笨 Adicionando Serviﾃｧo realizada com sucesso.
沐 Salvando cadastro...
笨 Salvando cadastro realizada com sucesso.
沐 Fechando modal apﾃｳs salvamento...
笨 Fechando modal apﾃｳs salvamento realizada com sucesso.
沒｢ 笨 Sucesso: Pacote salvo com sucesso.
笨 Teste concluﾃｭdo com sucesso.
沒 Relatﾃｳrio salvo como: relatorio_pacotes_pet_cenario_1_20250925_164312.docx
