🔄 Acessando sistema...
✅ Acessando sistema realizada com sucesso.
🔄 Realizando login...
✅ Realizando login realizada com sucesso.
🔄 Aguardando sistema carregar...
✅ Aguardando sistema carregar realizada com sucesso.
🔍 Zoom ajustado para 90%.
🔄 Abrindo menu Vínculo Convênio/Conveniado...
✅ Abrindo menu Vínculo Convênio/Conveniado realizada com sucesso.
🔄 Clicando em Cadastrar...
✅ Clicando em Cadastrar realizada com sucesso.
🔄 Abrindo LOV Convênio...
✅ Abrindo LOV Convênio realizada com sucesso.
🔄 Pesquisando Convênio...
✅ Pesquisando Convênio realizada com sucesso.
🔄 Selecionando Convênio...
✅ CLICK na primeira linha do convênio
✅ Selecionando Convênio realizada com sucesso.
Erro ao tirar screenshot: Message: invalid session id: session deleted as the browser has closed the connection
from disconnected: not connected to DevTools
  (Session info: chrome=140.0.7339.129); For documentation on this error, please visit: https://www.selenium.dev/documentation/webdriver/troubleshooting/errors#invalidsessionidexception
Stacktrace:
	GetHandleVerifier [0x0x9bc333+65459]
	GetHandleVerifier [0x0x9bc374+65524]
	(No symbol) [0x0x7dd973]
	(No symbol) [0x0x7ccdf0]
	(No symbol) [0x0x7eb4af]
	(No symbol) [0x0x850775]
	(No symbol) [0x0x86aef9]
	(No symbol) [0x0x849bf6]
	(No symbol) [0x0x81b38e]
	(No symbol) [0x0x81c274]
	GetHandleVerifier [0x0xc3eda3+2697763]
	GetHandleVerifier [0x0xc39ec7+2677575]
	GetHandleVerifier [0x0x9e4194+228884]
	GetHandleVerifier [0x0x9d49f8+165496]
	GetHandleVerifier [0x0x9db18d+192013]
	GetHandleVerifier [0x0x9c47d8+99416]
	GetHandleVerifier [0x0x9c4972+99826]
	GetHandleVerifier [0x0x9aebea+10346]
	BaseThreadInitThunk [0x0x755bfcc9+25]
	RtlGetAppContainerNamedObjectPath [0x0x773a82ae+286]
	RtlGetAppContainerNamedObjectPath [0x0x773a827e+238]

🔄 Abrindo LOV Conveniado...
❌ Erro ao abrindo lov conveniado: Message: invalid session id; For documentation on this error, please visit: https://www.selenium.dev/documentation/webdriver/troubleshooting/errors#invalidsessionidexception
Stacktrace:
	GetHandleVerifier [0x0x9bc333+65459]
	GetHandleVerifier [0x0x9bc374+65524]
	(No symbol) [0x0x7dd7c0]
	(No symbol) [0x0x81a663]
	(No symbol) [0x0x849cb6]
	(No symbol) [0x0x84555e]
	(No symbol) [0x0x844ad3]
	(No symbol) [0x0x7ae73d]
	(No symbol) [0x0x7aecbe]
	(No symbol) [0x0x7af15d]
	GetHandleVerifier [0x0xc3eda3+2697763]
	GetHandleVerifier [0x0xc39ec7+2677575]
	GetHandleVerifier [0x0x9e4194+228884]
	GetHandleVerifier [0x0x9d49f8+165496]
	GetHandleVerifier [0x0x9db18d+192013]
	(No symbol) [0x0x7ae3f2]
	(No symbol) [0x0x7adb72]
	GetHandleVerifier [0x0xd9340c+4092044]
	BaseThreadInitThunk [0x0x755bfcc9+25]
	RtlGetAppContainerNamedObjectPath [0x0x773a82ae+286]
	RtlGetAppContainerNamedObjectPath [0x0x773a827e+238]

Erro ao tirar screenshot: Message: invalid session id; For documentation on this error, please visit: https://www.selenium.dev/documentation/webdriver/troubleshooting/errors#invalidsessionidexception
Stacktrace:
	GetHandleVerifier [0x0x9bc333+65459]
	GetHandleVerifier [0x0x9bc374+65524]
	(No symbol) [0x0x7dd7c0]
	(No symbol) [0x0x81a663]
	(No symbol) [0x0x849cb6]
	(No symbol) [0x0x84555e]
	(No symbol) [0x0x844ad3]
	(No symbol) [0x0x7ae73d]
	(No symbol) [0x0x7aecbe]
	(No symbol) [0x0x7af15d]
	GetHandleVerifier [0x0xc3eda3+2697763]
	GetHandleVerifier [0x0xc39ec7+2677575]
	GetHandleVerifier [0x0x9e4194+228884]
	GetHandleVerifier [0x0x9d49f8+165496]
	GetHandleVerifier [0x0x9db18d+192013]
	(No symbol) [0x0x7ae3f2]
	(No symbol) [0x0x7adb72]
	GetHandleVerifier [0x0xd9340c+4092044]
	BaseThreadInitThunk [0x0x755bfcc9+25]
	RtlGetAppContainerNamedObjectPath [0x0x773a82ae+286]
	RtlGetAppContainerNamedObjectPath [0x0x773a827e+238]

TENTATIVA 1 de clicar em LOV Conveniado falhou: Message: invalid session id; For documentation on this error, please visit: https://www.selenium.dev/documentation/webdriver/troubleshooting/errors#invalidsessionidexception
Stacktrace:
	GetHandleVerifier [0x0x9bc333+65459]
	GetHandleVerifier [0x0x9bc374+65524]
	(No symbol) [0x0x7dd7c0]
	(No symbol) [0x0x81a663]
	(No symbol) [0x0x849cb6]
	(No symbol) [0x0x84555e]
	(No symbol) [0x0x844ad3]
	(No symbol) [0x0x7ae73d]
	(No symbol) [0x0x7aecbe]
	(No symbol) [0x0x7af15d]
	GetHandleVerifier [0x0xc3eda3+2697763]
	GetHandleVerifier [0x0xc39ec7+2677575]
	GetHandleVerifier [0x0x9e4194+228884]
	GetHandleVerifier [0x0x9d49f8+165496]
	GetHandleVerifier [0x0x9db18d+192013]
	(No symbol) [0x0x7ae3f2]
	(No symbol) [0x0x7adb72]
	GetHandleVerifier [0x0xd9340c+4092044]
	BaseThreadInitThunk [0x0x755bfcc9+25]
	RtlGetAppContainerNamedObjectPath [0x0x773a82ae+286]
	RtlGetAppContainerNamedObjectPath [0x0x773a827e+238]

TENTATIVA 2 de clicar em LOV Conveniado falhou: Message: invalid session id; For documentation on this error, please visit: https://www.selenium.dev/documentation/webdriver/troubleshooting/errors#invalidsessionidexception
Stacktrace:
	GetHandleVerifier [0x0x9bc333+65459]
	GetHandleVerifier [0x0x9bc374+65524]
	(No symbol) [0x0x7dd7c0]
	(No symbol) [0x0x81a663]
	(No symbol) [0x0x849cb6]
	(No symbol) [0x0x84555e]
	(No symbol) [0x0x844ad3]
	(No symbol) [0x0x7ae73d]
	(No symbol) [0x0x7aecbe]
	(No symbol) [0x0x7af15d]
	GetHandleVerifier [0x0xc3eda3+2697763]
	GetHandleVerifier [0x0xc39ec7+2677575]
	GetHandleVerifier [0x0x9e4194+228884]
	GetHandleVerifier [0x0x9d49f8+165496]
	GetHandleVerifier [0x0x9db18d+192013]
	(No symbol) [0x0x7ae3f2]
	(No symbol) [0x0x7adb72]
	GetHandleVerifier [0x0xd9340c+4092044]
	BaseThreadInitThunk [0x0x755bfcc9+25]
	RtlGetAppContainerNamedObjectPath [0x0x773a82ae+286]
	RtlGetAppContainerNamedObjectPath [0x0x773a827e+238]

TENTATIVA 3 de clicar em LOV Conveniado falhou: Message: invalid session id; For documentation on this error, please visit: https://www.selenium.dev/documentation/webdriver/troubleshooting/errors#invalidsessionidexception
Stacktrace:
	GetHandleVerifier [0x0x9bc333+65459]
	GetHandleVerifier [0x0x9bc374+65524]
	(No symbol) [0x0x7dd7c0]
	(No symbol) [0x0x81a663]
	(No symbol) [0x0x849cb6]
	(No symbol) [0x0x84555e]
	(No symbol) [0x0x844ad3]
	(No symbol) [0x0x7ae73d]
	(No symbol) [0x0x7aecbe]
	(No symbol) [0x0x7af15d]
	GetHandleVerifier [0x0xc3eda3+2697763]
	GetHandleVerifier [0x0xc39ec7+2677575]
	GetHandleVerifier [0x0x9e4194+228884]
	GetHandleVerifier [0x0x9d49f8+165496]
	GetHandleVerifier [0x0x9db18d+192013]
	(No symbol) [0x0x7ae3f2]
	(No symbol) [0x0x7adb72]
	GetHandleVerifier [0x0xd9340c+4092044]
	BaseThreadInitThunk [0x0x755bfcc9+25]
	RtlGetAppContainerNamedObjectPath [0x0x773a82ae+286]
	RtlGetAppContainerNamedObjectPath [0x0x773a827e+238]

TENTATIVA 4 de clicar em LOV Conveniado falhou: Message: invalid session id; For documentation on this error, please visit: https://www.selenium.dev/documentation/webdriver/troubleshooting/errors#invalidsessionidexception
Stacktrace:
	GetHandleVerifier [0x0x9bc333+65459]
	GetHandleVerifier [0x0x9bc374+65524]
	(No symbol) [0x0x7dd7c0]
	(No symbol) [0x0x81a663]
	(No symbol) [0x0x849cb6]
	(No symbol) [0x0x84555e]
	(No symbol) [0x0x844ad3]
	(No symbol) [0x0x7ae73d]
	(No symbol) [0x0x7aecbe]
	(No symbol) [0x0x7af15d]
	GetHandleVerifier [0x0xc3eda3+2697763]
	GetHandleVerifier [0x0xc39ec7+2677575]
	GetHandleVerifier [0x0x9e4194+228884]
	GetHandleVerifier [0x0x9d49f8+165496]
	GetHandleVerifier [0x0x9db18d+192013]
	(No symbol) [0x0x7ae3f2]
	(No symbol) [0x0x7adb72]
	GetHandleVerifier [0x0xd9340c+4092044]
	BaseThreadInitThunk [0x0x755bfcc9+25]
	RtlGetAppContainerNamedObjectPath [0x0x773a82ae+286]
	RtlGetAppContainerNamedObjectPath [0x0x773a827e+238]

TENTATIVA 5 de clicar em LOV Conveniado falhou: Message: invalid session id; For documentation on this error, please visit: https://www.selenium.dev/documentation/webdriver/troubleshooting/errors#invalidsessionidexception
Stacktrace:
	GetHandleVerifier [0x0x9bc333+65459]
	GetHandleVerifier [0x0x9bc374+65524]
	(No symbol) [0x0x7dd7c0]
	(No symbol) [0x0x81a663]
	(No symbol) [0x0x849cb6]
	(No symbol) [0x0x84555e]
	(No symbol) [0x0x844ad3]
	(No symbol) [0x0x7ae73d]
	(No symbol) [0x0x7aecbe]
	(No symbol) [0x0x7af15d]
	GetHandleVerifier [0x0xc3eda3+2697763]
	GetHandleVerifier [0x0xc39ec7+2677575]
	GetHandleVerifier [0x0x9e4194+228884]
	GetHandleVerifier [0x0x9d49f8+165496]
	GetHandleVerifier [0x0x9db18d+192013]
	(No symbol) [0x0x7ae3f2]
	(No symbol) [0x0x7adb72]
	GetHandleVerifier [0x0xd9340c+4092044]
	BaseThreadInitThunk [0x0x755bfcc9+25]
	RtlGetAppContainerNamedObjectPath [0x0x773a82ae+286]
	RtlGetAppContainerNamedObjectPath [0x0x773a827e+238]

❌ FALHA TOTAL - Não foi possível clicar em LOV Conveniado
🔄 Pesquisando Conveniado...
❌ Erro ao pesquisando conveniado: Message: invalid session id; For documentation on this error, please visit: https://www.selenium.dev/documentation/webdriver/troubleshooting/errors#invalidsessionidexception
Stacktrace:
	GetHandleVerifier [0x0x9bc333+65459]
	GetHandleVerifier [0x0x9bc374+65524]
	(No symbol) [0x0x7dd7c0]
	(No symbol) [0x0x81a663]
	(No symbol) [0x0x849cb6]
	(No symbol) [0x0x84555e]
	(No symbol) [0x0x844ad3]
	(No symbol) [0x0x7ae73d]
	(No symbol) [0x0x7aecbe]
	(No symbol) [0x0x7af15d]
	GetHandleVerifier [0x0xc3eda3+2697763]
	GetHandleVerifier [0x0xc39ec7+2677575]
	GetHandleVerifier [0x0x9e4194+228884]
	GetHandleVerifier [0x0x9d49f8+165496]
	GetHandleVerifier [0x0x9db18d+192013]
	(No symbol) [0x0x7ae3f2]
	(No symbol) [0x0x7adb72]
	GetHandleVerifier [0x0xd9340c+4092044]
	BaseThreadInitThunk [0x0x755bfcc9+25]
	RtlGetAppContainerNamedObjectPath [0x0x773a82ae+286]
	RtlGetAppContainerNamedObjectPath [0x0x773a827e+238]

Erro ao tirar screenshot: Message: invalid session id; For documentation on this error, please visit: https://www.selenium.dev/documentation/webdriver/troubleshooting/errors#invalidsessionidexception
Stacktrace:
	GetHandleVerifier [0x0x9bc333+65459]
	GetHandleVerifier [0x0x9bc374+65524]
	(No symbol) [0x0x7dd7c0]
	(No symbol) [0x0x81a663]
	(No symbol) [0x0x849cb6]
	(No symbol) [0x0x84555e]
	(No symbol) [0x0x844ad3]
	(No symbol) [0x0x7ae73d]
	(No symbol) [0x0x7aecbe]
	(No symbol) [0x0x7af15d]
	GetHandleVerifier [0x0xc3eda3+2697763]
	GetHandleVerifier [0x0xc39ec7+2677575]
	GetHandleVerifier [0x0x9e4194+228884]
	GetHandleVerifier [0x0x9d49f8+165496]
	GetHandleVerifier [0x0x9db18d+192013]
	(No symbol) [0x0x7ae3f2]
	(No symbol) [0x0x7adb72]
	GetHandleVerifier [0x0xd9340c+4092044]
	BaseThreadInitThunk [0x0x755bfcc9+25]
	RtlGetAppContainerNamedObjectPath [0x0x773a82ae+286]
	RtlGetAppContainerNamedObjectPath [0x0x773a827e+238]

❌ ERRO FATAL: Falha ao pesquisar conveniado
Erro ao tirar screenshot: Message: invalid session id; For documentation on this error, please visit: https://www.selenium.dev/documentation/webdriver/troubleshooting/errors#invalidsessionidexception
Stacktrace:
	GetHandleVerifier [0x0x9bc333+65459]
	GetHandleVerifier [0x0x9bc374+65524]
	(No symbol) [0x0x7dd7c0]
	(No symbol) [0x0x81a663]
	(No symbol) [0x0x849cb6]
	(No symbol) [0x0x84555e]
	(No symbol) [0x0x844ad3]
	(No symbol) [0x0x7ae73d]
	(No symbol) [0x0x7aecbe]
	(No symbol) [0x0x7af15d]
	GetHandleVerifier [0x0xc3eda3+2697763]
	GetHandleVerifier [0x0xc39ec7+2677575]
	GetHandleVerifier [0x0x9e4194+228884]
	GetHandleVerifier [0x0x9d49f8+165496]
	GetHandleVerifier [0x0x9db18d+192013]
	(No symbol) [0x0x7ae3f2]
	(No symbol) [0x0x7adb72]
	GetHandleVerifier [0x0xd9340c+4092044]
	BaseThreadInitThunk [0x0x755bfcc9+25]
	RtlGetAppContainerNamedObjectPath [0x0x773a82ae+286]
	RtlGetAppContainerNamedObjectPath [0x0x773a827e+238]

✅ Teste concluído com sucesso.
📄 Relatório salvo como: relatorio_vinculo_convenio_cenario_1_20250926_165142.docx
